#
# There is insufficient memory for the Java Runtime Environment to continue.
# Native memory allocation (malloc) failed to allocate 32744 bytes for ChunkPool::allocate
# Possible reasons:
#   The system is out of physical RAM or swap space
#   The process is running with CompressedOops enabled, and the Java Heap may be blocking the growth of the native heap
# Possible solutions:
#   Reduce memory load on the system
#   Increase physical memory or swap space
#   Check if swap backing store is full
#   Decrease Java heap size (-Xmx/-Xms)
#   Decrease number of Java threads
#   Decrease Java thread stack sizes (-Xss)
#   Set larger code cache with -XX:ReservedCodeCacheSize=
#   JVM is running with Unscaled Compressed Oops mode in which the Java heap is
#     placed in the first 4GB address space. The Java Heap base address is the
#     maximum limit for the native heap growth. Please use -XX:HeapBaseMinAddress
#     to set the Java Heap base and to place the Java Heap above 4GB virtual address.
# This output file may be truncated or incomplete.
#
#  Out of Memory Error (arena.cpp:78), pid=15540, tid=4512
#
# JRE version: Java(TM) SE Runtime Environment (17.0.9+11) (build 17.0.9+11-LTS-201)
# Java VM: Java HotSpot(TM) 64-Bit Server VM (17.0.9+11-LTS-201, mixed mode, sharing, tiered, compressed oops, compressed class ptrs, g1 gc, windows-amd64)
# No core dump will be written. Minidumps are not enabled by default on client versions of Windows
#

---------------  S U M M A R Y ------------

Command Line: --add-opens=java.base/java.util=ALL-UNNAMED --add-opens=java.base/java.lang=ALL-UNNAMED --add-opens=java.base/java.lang.invoke=ALL-UNNAMED --add-opens=java.prefs/java.util.prefs=ALL-UNNAMED --add-exports=jdk.compiler/com.sun.tools.javac.api=ALL-UNNAMED --add-exports=jdk.compiler/com.sun.tools.javac.util=ALL-UNNAMED --add-opens=java.base/java.nio.charset=ALL-UNNAMED --add-opens=java.base/java.net=ALL-UNNAMED --add-opens=java.base/java.util.concurrent.atomic=ALL-UNNAMED -XX:MaxMetaspaceSize=384m -XX:+HeapDumpOnOutOfMemoryError -Xms256m -Xmx512m -Dfile.encoding=UTF-8 -Duser.country=US -Duser.language=en -Duser.variant -javaagent:C:\Users\ngolo\.gradle\wrapper\dists\gradle-8.10.2-bin\a04bxjujx95o3nb99gddekhwo\gradle-8.10.2\lib\agents\gradle-instrumentation-agent-8.10.2.jar org.gradle.launcher.daemon.bootstrap.GradleDaemon 8.10.2

Host: Intel(R) Core(TM) i5-6300U CPU @ 2.40GHz, 4 cores, 7G,  Windows 10 , 64 bit Build 19041 (10.0.19041.4957)
Time: Fri Nov 15 23:23:13 2024 SE Asia Standard Time elapsed time: 158.167237 seconds (0d 0h 2m 38s)

---------------  T H R E A D  ---------------

Current thread (0x00000268b2de6ac0):  JavaThread "C2 CompilerThread0" daemon [_thread_in_native, id=4512, stack(0x0000009fb8500000,0x0000009fb8600000)]


Current CompileTask:
C2: 158168 9395   !   4       io.spring.gradle.dependencymanagement.org.codehaus.plexus.interpolation.StringSearchInterpolator::interpolate (668 bytes)

Stack: [0x0000009fb8500000,0x0000009fb8600000]
Native frames: (J=compiled Java code, j=interpreted, Vv=VM code, C=native code)
V  [jvm.dll+0x678a4a]
V  [jvm.dll+0x7d9cfd]
V  [jvm.dll+0x7db60e]
V  [jvm.dll+0x7dbc73]
V  [jvm.dll+0x245e1f]
V  [jvm.dll+0xaad50]
V  [jvm.dll+0xab09c]
V  [jvm.dll+0xaac14]
V  [jvm.dll+0x7c33bc]
V  [jvm.dll+0x570bea]
V  [jvm.dll+0x570386]
V  [jvm.dll+0x56f9d0]
V  [jvm.dll+0x56f996]
V  [jvm.dll+0x56f9e4]
V  [jvm.dll+0x56f9e4]
V  [jvm.dll+0x56f9e4]
V  [jvm.dll+0x56f9e4]
V  [jvm.dll+0x56f9e4]
V  [jvm.dll+0x56f996]
V  [jvm.dll+0x581af8]
V  [jvm.dll+0x220c52]
V  [jvm.dll+0x219c3f]
V  [jvm.dll+0x217459]
V  [jvm.dll+0x1a3bc0]
V  [jvm.dll+0x2272de]
V  [jvm.dll+0x22548b]
V  [jvm.dll+0x78f58c]
V  [jvm.dll+0x78998a]
V  [jvm.dll+0x677875]
C  [ucrtbase.dll+0x21bb2]
C  [KERNEL32.DLL+0x17374]
C  [ntdll.dll+0x4cc91]


---------------  P R O C E S S  ---------------

Threads class SMR info:
_java_thread_list=0x00000268d07704f0, length=79, elements={
0x0000026898d783f0, 0x00000268b2dcb220, 0x00000268b2dcbfb0, 0x00000268b2de2290,
0x00000268b2de4c70, 0x00000268b2de5540, 0x00000268b2de5e10, 0x00000268b2de6ac0,
0x00000268b2de7480, 0x00000268b2e57bf0, 0x00000268b2db4a60, 0x00000268cc100a00,
0x00000268ccf27050, 0x00000268cd1555f0, 0x00000268cd493c60, 0x00000268cc481120,
0x00000268cc482050, 0x00000268cc480700, 0x00000268cc481630, 0x00000268cc482560,
0x00000268cc482a70, 0x00000268cc481b40, 0x00000268cc47f2c0, 0x00000268cc47fce0,
0x00000268cc4801f0, 0x00000268cc480c10, 0x00000268ce77bb70, 0x00000268ce77cfb0,
0x00000268ce77c080, 0x00000268ce77c590, 0x00000268ce77caa0, 0x00000268ce77d4c0,
0x00000268ce77d9d0, 0x00000268ce77a730, 0x00000268ce77ac40, 0x00000268ce77b660,
0x00000268cef8bc40, 0x00000268cef92690, 0x00000268cef935c0, 0x00000268cef91c70,
0x00000268cef8d590, 0x00000268cef8d080, 0x00000268cef8c150, 0x00000268cef930b0,
0x00000268cef8c660, 0x00000268cef92ba0, 0x00000268cef8daa0, 0x00000268cef8e9d0,
0x00000268cef8eee0, 0x00000268cef90d40, 0x00000268cef8f3f0, 0x00000268cef8fe10,
0x00000268cef90320, 0x00000268cef90830, 0x00000268cef91250, 0x00000268cef91760,
0x00000268cef92180, 0x00000268cf56a930, 0x00000268cf56bd70, 0x00000268cf56ae40,
0x00000268cf56b350, 0x00000268cf56d6c0, 0x00000268cf56cca0, 0x00000268cf56b860,
0x00000268cf56fa30, 0x00000268cf56e5f0, 0x00000268cf56f010, 0x00000268cf56c790,
0x00000268cf56eb00, 0x00000268cf56e0e0, 0x00000268cf56f520, 0x00000268cf570960,
0x00000268cf571380, 0x00000268cf570e70, 0x00000268cf569f10, 0x00000268cf56ff40,
0x00000268cf56c280, 0x00000268cf571890, 0x00000268cf56d1b0
}

Java Threads: ( => current thread )
  0x0000026898d783f0 JavaThread "main" [_thread_blocked, id=32, stack(0x0000009fb7800000,0x0000009fb7900000)]
  0x00000268b2dcb220 JavaThread "Reference Handler" daemon [_thread_blocked, id=12888, stack(0x0000009fb7f00000,0x0000009fb8000000)]
  0x00000268b2dcbfb0 JavaThread "Finalizer" daemon [_thread_blocked, id=5584, stack(0x0000009fb8000000,0x0000009fb8100000)]
  0x00000268b2de2290 JavaThread "Signal Dispatcher" daemon [_thread_blocked, id=12196, stack(0x0000009fb8100000,0x0000009fb8200000)]
  0x00000268b2de4c70 JavaThread "Attach Listener" daemon [_thread_blocked, id=1248, stack(0x0000009fb8200000,0x0000009fb8300000)]
  0x00000268b2de5540 JavaThread "Service Thread" daemon [_thread_blocked, id=17760, stack(0x0000009fb8300000,0x0000009fb8400000)]
  0x00000268b2de5e10 JavaThread "Monitor Deflation Thread" daemon [_thread_blocked, id=9308, stack(0x0000009fb8400000,0x0000009fb8500000)]
=>0x00000268b2de6ac0 JavaThread "C2 CompilerThread0" daemon [_thread_in_native, id=4512, stack(0x0000009fb8500000,0x0000009fb8600000)]
  0x00000268b2de7480 JavaThread "C1 CompilerThread0" daemon [_thread_blocked, id=3600, stack(0x0000009fb8600000,0x0000009fb8700000)]
  0x00000268b2e57bf0 JavaThread "Sweeper thread" daemon [_thread_blocked, id=15080, stack(0x0000009fb8700000,0x0000009fb8800000)]
  0x00000268b2db4a60 JavaThread "Common-Cleaner" daemon [_thread_blocked, id=5944, stack(0x0000009fb8800000,0x0000009fb8900000)]
  0x00000268cc100a00 JavaThread "Notification Thread" daemon [_thread_blocked, id=13628, stack(0x0000009fb8900000,0x0000009fb8a00000)]
  0x00000268ccf27050 JavaThread "Daemon health stats" [_thread_blocked, id=8748, stack(0x0000009fb8f00000,0x0000009fb9000000)]
  0x00000268cd1555f0 JavaThread "Daemon" [_thread_blocked, id=4412, stack(0x0000009fb9200000,0x0000009fb9300000)]
  0x00000268cd493c60 JavaThread "Handler for socket connection from /127.0.0.1:57215 to /127.0.0.1:57216" [_thread_in_native, id=3296, stack(0x0000009fb9300000,0x0000009fb9400000)]
  0x00000268cc481120 JavaThread "Daemon worker" [_thread_in_vm, id=11688, stack(0x0000009fb9500000,0x0000009fb9600000)]
  0x00000268cc482050 JavaThread "Asynchronous log dispatcher for DefaultDaemonConnection: socket connection from /127.0.0.1:57215 to /127.0.0.1:57216" [_thread_blocked, id=1252, stack(0x0000009fb9600000,0x0000009fb9700000)]
  0x00000268cc480700 JavaThread "Stdin handler" [_thread_blocked, id=16928, stack(0x0000009fb9700000,0x0000009fb9800000)]
  0x00000268cc481630 JavaThread "Daemon client event forwarder" [_thread_blocked, id=13496, stack(0x0000009fb9800000,0x0000009fb9900000)]
  0x00000268cc482560 JavaThread "Cache worker for journal cache (C:\Users\ngolo\.gradle\caches\journal-1)" [_thread_blocked, id=12332, stack(0x0000009fb9900000,0x0000009fb9a00000)]
  0x00000268cc482a70 JavaThread "File lock request listener" [_thread_in_native, id=15880, stack(0x0000009fb9a00000,0x0000009fb9b00000)]
  0x00000268cc481b40 JavaThread "Cache worker for file hash cache (C:\Users\ngolo\.gradle\caches\8.10.2\fileHashes)" [_thread_blocked, id=13892, stack(0x0000009fb9b00000,0x0000009fb9c00000)]
  0x00000268cc47f2c0 JavaThread "File lock release action executor" [_thread_blocked, id=17768, stack(0x0000009fb9c00000,0x0000009fb9d00000)]
  0x00000268cc47fce0 JavaThread "Cache worker for file hash cache (D:\Workspaces\Restaurent-Rest\spring-management-restaurant\.gradle\8.10.2\fileHashes)" [_thread_blocked, id=16000, stack(0x0000009fb9d00000,0x0000009fb9e00000)]
  0x00000268cc4801f0 JavaThread "Cache worker for Build Output Cleanup Cache (D:\Workspaces\Restaurent-Rest\spring-management-restaurant\.gradle\buildOutputCleanup)" [_thread_blocked, id=10736, stack(0x0000009fb9e00000,0x0000009fb9f00000)]
  0x00000268cc480c10 JavaThread "File watcher server" daemon [_thread_in_native, id=11356, stack(0x0000009fb9f00000,0x0000009fba000000)]
  0x00000268ce77bb70 JavaThread "File watcher consumer" daemon [_thread_blocked, id=13260, stack(0x0000009fba000000,0x0000009fba100000)]
  0x00000268ce77cfb0 JavaThread "Cache worker for checksums cache (D:\Workspaces\Restaurent-Rest\spring-management-restaurant\.gradle\8.10.2\checksums)" [_thread_blocked, id=3268, stack(0x0000009fba100000,0x0000009fba200000)]
  0x00000268ce77c080 JavaThread "Cache worker for file content cache (C:\Users\ngolo\.gradle\caches\8.10.2\fileContent)" [_thread_blocked, id=17532, stack(0x0000009fba200000,0x0000009fba300000)]
  0x00000268ce77c590 JavaThread "Cache worker for cache directory md-rule (C:\Users\ngolo\.gradle\caches\8.10.2\md-rule)" [_thread_blocked, id=14544, stack(0x0000009fba300000,0x0000009fba400000)]
  0x00000268ce77caa0 JavaThread "Cache worker for cache directory md-supplier (C:\Users\ngolo\.gradle\caches\8.10.2\md-supplier)" [_thread_blocked, id=704, stack(0x0000009fba400000,0x0000009fba500000)]
  0x00000268ce77d4c0 JavaThread "jar transforms" [_thread_blocked, id=16408, stack(0x0000009fba500000,0x0000009fba600000)]
  0x00000268ce77d9d0 JavaThread "jar transforms Thread 2" [_thread_blocked, id=18224, stack(0x0000009fba600000,0x0000009fba700000)]
  0x00000268ce77a730 JavaThread "jar transforms Thread 3" [_thread_blocked, id=2412, stack(0x0000009fba900000,0x0000009fbaa00000)]
  0x00000268ce77ac40 JavaThread "jar transforms Thread 4" [_thread_blocked, id=9972, stack(0x0000009fbaa00000,0x0000009fbab00000)]
  0x00000268ce77b660 JavaThread "Unconstrained build operations" [_thread_blocked, id=1156, stack(0x0000009fb7600000,0x0000009fb7700000)]
  0x00000268cef8bc40 JavaThread "Unconstrained build operations Thread 2" [_thread_blocked, id=12960, stack(0x0000009fb7700000,0x0000009fb7800000)]
  0x00000268cef92690 JavaThread "Unconstrained build operations Thread 3" [_thread_blocked, id=16280, stack(0x0000009fbac00000,0x0000009fbad00000)]
  0x00000268cef935c0 JavaThread "Unconstrained build operations Thread 4" [_thread_blocked, id=5792, stack(0x0000009fbad00000,0x0000009fbae00000)]
  0x00000268cef91c70 JavaThread "Unconstrained build operations Thread 5" [_thread_blocked, id=8544, stack(0x0000009fbae00000,0x0000009fbaf00000)]
  0x00000268cef8d590 JavaThread "Unconstrained build operations Thread 6" [_thread_blocked, id=15928, stack(0x0000009fbaf00000,0x0000009fbb000000)]
  0x00000268cef8d080 JavaThread "Unconstrained build operations Thread 7" [_thread_blocked, id=10896, stack(0x0000009fbb000000,0x0000009fbb100000)]
  0x00000268cef8c150 JavaThread "Unconstrained build operations Thread 8" [_thread_blocked, id=6056, stack(0x0000009fbb100000,0x0000009fbb200000)]
  0x00000268cef930b0 JavaThread "Unconstrained build operations Thread 9" [_thread_blocked, id=2228, stack(0x0000009fbb200000,0x0000009fbb300000)]
  0x00000268cef8c660 JavaThread "Memory manager" [_thread_blocked, id=9520, stack(0x0000009fbb300000,0x0000009fbb400000)]
  0x00000268cef92ba0 JavaThread "ForkJoinPool.commonPool-worker-2" daemon [_thread_blocked, id=14108, stack(0x0000009fbb500000,0x0000009fbb600000)]
  0x00000268cef8daa0 JavaThread "ForkJoinPool.commonPool-worker-3" daemon [_thread_blocked, id=17628, stack(0x0000009fbb600000,0x0000009fbb700000)]
  0x00000268cef8e9d0 JavaThread "Unconstrained build operations Thread 10" [_thread_blocked, id=3240, stack(0x0000009fbba00000,0x0000009fbbb00000)]
  0x00000268cef8eee0 JavaThread "Unconstrained build operations Thread 11" [_thread_blocked, id=7080, stack(0x0000009fbbb00000,0x0000009fbbc00000)]
  0x00000268cef90d40 JavaThread "Unconstrained build operations Thread 12" [_thread_blocked, id=2708, stack(0x0000009fbbc00000,0x0000009fbbd00000)]
  0x00000268cef8f3f0 JavaThread "Unconstrained build operations Thread 13" [_thread_blocked, id=13864, stack(0x0000009fbbd00000,0x0000009fbbe00000)]
  0x00000268cef8fe10 JavaThread "Unconstrained build operations Thread 14" [_thread_blocked, id=2004, stack(0x0000009fbbe00000,0x0000009fbbf00000)]
  0x00000268cef90320 JavaThread "Unconstrained build operations Thread 15" [_thread_blocked, id=2724, stack(0x0000009fbbf00000,0x0000009fbc000000)]
  0x00000268cef90830 JavaThread "Unconstrained build operations Thread 16" [_thread_blocked, id=16320, stack(0x0000009fbc000000,0x0000009fbc100000)]
  0x00000268cef91250 JavaThread "Unconstrained build operations Thread 17" [_thread_blocked, id=5648, stack(0x0000009fbc100000,0x0000009fbc200000)]
  0x00000268cef91760 JavaThread "Unconstrained build operations Thread 18" [_thread_blocked, id=17824, stack(0x0000009fbc200000,0x0000009fbc300000)]
  0x00000268cef92180 JavaThread "Unconstrained build operations Thread 19" [_thread_blocked, id=11472, stack(0x0000009fbc300000,0x0000009fbc400000)]
  0x00000268cf56a930 JavaThread "Unconstrained build operations Thread 20" [_thread_blocked, id=8648, stack(0x0000009fbc400000,0x0000009fbc500000)]
  0x00000268cf56bd70 JavaThread "Unconstrained build operations Thread 21" [_thread_blocked, id=15248, stack(0x0000009fbc500000,0x0000009fbc600000)]
  0x00000268cf56ae40 JavaThread "Unconstrained build operations Thread 22" [_thread_blocked, id=16232, stack(0x0000009fbc600000,0x0000009fbc700000)]
  0x00000268cf56b350 JavaThread "Unconstrained build operations Thread 23" [_thread_blocked, id=16716, stack(0x0000009fbc700000,0x0000009fbc800000)]
  0x00000268cf56d6c0 JavaThread "Unconstrained build operations Thread 24" [_thread_blocked, id=17296, stack(0x0000009fbc800000,0x0000009fbc900000)]
  0x00000268cf56cca0 JavaThread "Unconstrained build operations Thread 25" [_thread_blocked, id=11796, stack(0x0000009fbc900000,0x0000009fbca00000)]
  0x00000268cf56b860 JavaThread "Unconstrained build operations Thread 26" [_thread_blocked, id=13316, stack(0x0000009fbca00000,0x0000009fbcb00000)]
  0x00000268cf56fa30 JavaThread "Unconstrained build operations Thread 27" [_thread_blocked, id=5020, stack(0x0000009fbcb00000,0x0000009fbcc00000)]
  0x00000268cf56e5f0 JavaThread "Unconstrained build operations Thread 28" [_thread_blocked, id=14548, stack(0x0000009fbcc00000,0x0000009fbcd00000)]
  0x00000268cf56f010 JavaThread "Unconstrained build operations Thread 29" [_thread_blocked, id=15576, stack(0x0000009fbcd00000,0x0000009fbce00000)]
  0x00000268cf56c790 JavaThread "Unconstrained build operations Thread 30" [_thread_blocked, id=5440, stack(0x0000009fbce00000,0x0000009fbcf00000)]
  0x00000268cf56eb00 JavaThread "Unconstrained build operations Thread 31" [_thread_blocked, id=6420, stack(0x0000009fbcf00000,0x0000009fbd000000)]
  0x00000268cf56e0e0 JavaThread "Unconstrained build operations Thread 32" [_thread_blocked, id=15844, stack(0x0000009fbd000000,0x0000009fbd100000)]
  0x00000268cf56f520 JavaThread "Unconstrained build operations Thread 33" [_thread_blocked, id=17076, stack(0x0000009fbd100000,0x0000009fbd200000)]
  0x00000268cf570960 JavaThread "Unconstrained build operations Thread 34" [_thread_blocked, id=14304, stack(0x0000009fbd200000,0x0000009fbd300000)]
  0x00000268cf571380 JavaThread "Unconstrained build operations Thread 35" [_thread_blocked, id=13868, stack(0x0000009fbd300000,0x0000009fbd400000)]
  0x00000268cf570e70 JavaThread "Unconstrained build operations Thread 36" [_thread_blocked, id=3332, stack(0x0000009fbd400000,0x0000009fbd500000)]
  0x00000268cf569f10 JavaThread "Unconstrained build operations Thread 37" [_thread_blocked, id=12644, stack(0x0000009fbd500000,0x0000009fbd600000)]
  0x00000268cf56ff40 JavaThread "Unconstrained build operations Thread 38" [_thread_blocked, id=14856, stack(0x0000009fbd600000,0x0000009fbd700000)]
  0x00000268cf56c280 JavaThread "Unconstrained build operations Thread 39" [_thread_blocked, id=18084, stack(0x0000009fbd700000,0x0000009fbd800000)]
  0x00000268cf571890 JavaThread "Unconstrained build operations Thread 40" [_thread_blocked, id=17920, stack(0x0000009fbd800000,0x0000009fbd900000)]
  0x00000268cf56d1b0 JavaThread "VFS cleanup" [_thread_blocked, id=10752, stack(0x0000009fb9000000,0x0000009fb9100000)]

Other Threads:
  0x00000268b2dc3690 VMThread "VM Thread" [stack: 0x0000009fb7e00000,0x0000009fb7f00000] [id=15160]
  0x00000268cc1a9ab0 WatcherThread [stack: 0x0000009fb8a00000,0x0000009fb8b00000] [id=17536]
  0x0000026898da58d0 GCTaskThread "GC Thread#0" [stack: 0x0000009fb7900000,0x0000009fb7a00000] [id=12172]
  0x00000268cc21af50 GCTaskThread "GC Thread#1" [stack: 0x0000009fb8b00000,0x0000009fb8c00000] [id=16068]
  0x00000268cc21b210 GCTaskThread "GC Thread#2" [stack: 0x0000009fb8c00000,0x0000009fb8d00000] [id=4616]
  0x00000268cc2291c0 GCTaskThread "GC Thread#3" [stack: 0x0000009fb8d00000,0x0000009fb8e00000] [id=7668]
  0x0000026898dab740 ConcurrentGCThread "G1 Main Marker" [stack: 0x0000009fb7a00000,0x0000009fb7b00000] [id=2832]
  0x0000026898dac060 ConcurrentGCThread "G1 Conc#0" [stack: 0x0000009fb7b00000,0x0000009fb7c00000] [id=4312]
  0x0000026898e4e340 ConcurrentGCThread "G1 Refine#0" [stack: 0x0000009fb7c00000,0x0000009fb7d00000] [id=10404]
  0x00000268ccd0f390 ConcurrentGCThread "G1 Refine#1" [stack: 0x0000009fb8e00000,0x0000009fb8f00000] [id=18056]
  0x00000268cf749010 ConcurrentGCThread "G1 Refine#2" [stack: 0x0000009fbab00000,0x0000009fbac00000] [id=12856]
  0x0000026898e4ec80 ConcurrentGCThread "G1 Service" [stack: 0x0000009fb7d00000,0x0000009fb7e00000] [id=16332]

Threads with active compile tasks:
C2 CompilerThread0   158309 9395   !   4       io.spring.gradle.dependencymanagement.org.codehaus.plexus.interpolation.StringSearchInterpolator::interpolate (668 bytes)

VM state: not at safepoint (normal execution)

VM Mutex/Monitor currently owned by a thread: None

Heap address: 0x00000000e0000000, size: 512 MB, Compressed Oops mode: 32-bit

CDS archive(s) mapped at: [0x00000268b3000000-0x00000268b3bd0000-0x00000268b3bd0000), size 12386304, SharedBaseAddress: 0x00000268b3000000, ArchiveRelocationMode: 1.
Compressed class space mapped at: 0x00000268b4000000-0x00000268c8000000, reserved size: 335544320
Narrow klass base: 0x00000268b3000000, Narrow klass shift: 0, Narrow klass range: 0x100000000

GC Precious Log:
 CPUs: 4 total, 4 available
 Memory: 8067M
 Large Page Support: Disabled
 NUMA Support: Disabled
 Compressed Oops: Enabled (32-bit)
 Heap Region Size: 1M
 Heap Min Capacity: 256M
 Heap Initial Capacity: 256M
 Heap Max Capacity: 512M
 Pre-touch: Disabled
 Parallel Workers: 4
 Concurrent Workers: 1
 Concurrent Refinement Workers: 4
 Periodic GC: Disabled

Heap:
 garbage-first heap   total 262144K, used 127231K [0x00000000e0000000, 0x0000000100000000)
  region size 1024K, 87 young (89088K), 8 survivors (8192K)
 Metaspace       used 60813K, committed 61504K, reserved 393216K
  class space    used 8478K, committed 8832K, reserved 327680K

Heap Regions: E=young(eden), S=young(survivor), O=old, HS=humongous(starts), HC=humongous(continues), CS=collection set, F=free, OA=open archive, CA=closed archive, TAMS=top-at-mark-start (previous, next)
|   0|0x00000000e0000000, 0x00000000e0100000, 0x00000000e0100000|100%|HS|  |TAMS 0x00000000e0100000, 0x00000000e0000000| Complete 
|   1|0x00000000e0100000, 0x00000000e0200000, 0x00000000e0200000|100%|HC|  |TAMS 0x00000000e0200000, 0x00000000e0100000| Complete 
|   2|0x00000000e0200000, 0x00000000e0300000, 0x00000000e0300000|100%|HC|  |TAMS 0x00000000e0300000, 0x00000000e0200000| Complete 
|   3|0x00000000e0300000, 0x00000000e0400000, 0x00000000e0400000|100%|HC|  |TAMS 0x00000000e0400000, 0x00000000e0300000| Complete 
|   4|0x00000000e0400000, 0x00000000e0500000, 0x00000000e0500000|100%| O|  |TAMS 0x00000000e0500000, 0x00000000e0400000| Untracked 
|   5|0x00000000e0500000, 0x00000000e0600000, 0x00000000e0600000|100%| O|  |TAMS 0x00000000e0600000, 0x00000000e0500000| Untracked 
|   6|0x00000000e0600000, 0x00000000e0700000, 0x00000000e0700000|100%| O|  |TAMS 0x00000000e0700000, 0x00000000e0600000| Untracked 
|   7|0x00000000e0700000, 0x00000000e0800000, 0x00000000e0800000|100%| O|  |TAMS 0x00000000e0800000, 0x00000000e0700000| Untracked 
|   8|0x00000000e0800000, 0x00000000e0900000, 0x00000000e0900000|100%|HS|  |TAMS 0x00000000e0900000, 0x00000000e0800000| Complete 
|   9|0x00000000e0900000, 0x00000000e0a00000, 0x00000000e0a00000|100%| O|  |TAMS 0x00000000e0a00000, 0x00000000e0900000| Untracked 
|  10|0x00000000e0a00000, 0x00000000e0b00000, 0x00000000e0b00000|100%| O|  |TAMS 0x00000000e0b00000, 0x00000000e0a00000| Untracked 
|  11|0x00000000e0b00000, 0x00000000e0b00000, 0x00000000e0c00000|  0%| F|  |TAMS 0x00000000e0b00000, 0x00000000e0b00000| Untracked 
|  12|0x00000000e0c00000, 0x00000000e0d00000, 0x00000000e0d00000|100%| O|  |TAMS 0x00000000e0d00000, 0x00000000e0c00000| Untracked 
|  13|0x00000000e0d00000, 0x00000000e0e00000, 0x00000000e0e00000|100%| O|  |TAMS 0x00000000e0e00000, 0x00000000e0d00000| Untracked 
|  14|0x00000000e0e00000, 0x00000000e0f00000, 0x00000000e0f00000|100%| O|  |TAMS 0x00000000e0f00000, 0x00000000e0e00000| Untracked 
|  15|0x00000000e0f00000, 0x00000000e1000000, 0x00000000e1000000|100%| O|  |TAMS 0x00000000e1000000, 0x00000000e0f00000| Untracked 
|  16|0x00000000e1000000, 0x00000000e1100000, 0x00000000e1100000|100%| O|  |TAMS 0x00000000e1100000, 0x00000000e1000000| Untracked 
|  17|0x00000000e1100000, 0x00000000e1200000, 0x00000000e1200000|100%| O|  |TAMS 0x00000000e1200000, 0x00000000e1100000| Untracked 
|  18|0x00000000e1200000, 0x00000000e1300000, 0x00000000e1300000|100%| O|  |TAMS 0x00000000e1300000, 0x00000000e1200000| Untracked 
|  19|0x00000000e1300000, 0x00000000e1400000, 0x00000000e1400000|100%| O|  |TAMS 0x00000000e1400000, 0x00000000e1300000| Untracked 
|  20|0x00000000e1400000, 0x00000000e1500000, 0x00000000e1500000|100%| O|  |TAMS 0x00000000e1500000, 0x00000000e1400000| Untracked 
|  21|0x00000000e1500000, 0x00000000e1600000, 0x00000000e1600000|100%| O|  |TAMS 0x00000000e1600000, 0x00000000e1500000| Untracked 
|  22|0x00000000e1600000, 0x00000000e1700000, 0x00000000e1700000|100%| O|  |TAMS 0x00000000e1700000, 0x00000000e1600000| Untracked 
|  23|0x00000000e1700000, 0x00000000e1800000, 0x00000000e1800000|100%| O|  |TAMS 0x00000000e1800000, 0x00000000e1700000| Untracked 
|  24|0x00000000e1800000, 0x00000000e1900000, 0x00000000e1900000|100%| O|  |TAMS 0x00000000e1900000, 0x00000000e1800000| Untracked 
|  25|0x00000000e1900000, 0x00000000e1a00000, 0x00000000e1a00000|100%| O|  |TAMS 0x00000000e1a00000, 0x00000000e1900000| Untracked 
|  26|0x00000000e1a00000, 0x00000000e1b00000, 0x00000000e1b00000|100%| O|  |TAMS 0x00000000e1b00000, 0x00000000e1a00000| Untracked 
|  27|0x00000000e1b00000, 0x00000000e1c00000, 0x00000000e1c00000|100%| O|  |TAMS 0x00000000e1c00000, 0x00000000e1b00000| Untracked 
|  28|0x00000000e1c00000, 0x00000000e1d00000, 0x00000000e1d00000|100%| O|  |TAMS 0x00000000e1d00000, 0x00000000e1c00000| Untracked 
|  29|0x00000000e1d00000, 0x00000000e1e00000, 0x00000000e1e00000|100%| O|  |TAMS 0x00000000e1e00000, 0x00000000e1d00000| Untracked 
|  30|0x00000000e1e00000, 0x00000000e1f00000, 0x00000000e1f00000|100%| O|  |TAMS 0x00000000e1f00000, 0x00000000e1e00000| Untracked 
|  31|0x00000000e1f00000, 0x00000000e2000000, 0x00000000e2000000|100%| O|  |TAMS 0x00000000e2000000, 0x00000000e1f00000| Untracked 
|  32|0x00000000e2000000, 0x00000000e2100000, 0x00000000e2100000|100%| O|  |TAMS 0x00000000e2100000, 0x00000000e2000000| Untracked 
|  33|0x00000000e2100000, 0x00000000e2200000, 0x00000000e2200000|100%| O|  |TAMS 0x00000000e2200000, 0x00000000e2100000| Untracked 
|  34|0x00000000e2200000, 0x00000000e2300000, 0x00000000e2300000|100%| O|  |TAMS 0x00000000e2300000, 0x00000000e2200000| Untracked 
|  35|0x00000000e2300000, 0x00000000e2400000, 0x00000000e2400000|100%| O|  |TAMS 0x00000000e2400000, 0x00000000e2300000| Untracked 
|  36|0x00000000e2400000, 0x00000000e2500000, 0x00000000e2500000|100%| O|  |TAMS 0x00000000e2500000, 0x00000000e2400000| Untracked 
|  37|0x00000000e2500000, 0x00000000e2600000, 0x00000000e2600000|100%| O|  |TAMS 0x00000000e2600000, 0x00000000e2500000| Untracked 
|  38|0x00000000e2600000, 0x00000000e2700000, 0x00000000e2700000|100%| O|  |TAMS 0x00000000e2700000, 0x00000000e2600000| Untracked 
|  39|0x00000000e2700000, 0x00000000e273fe00, 0x00000000e2800000| 24%| O|  |TAMS 0x00000000e273fe00, 0x00000000e2700000| Untracked 
|  40|0x00000000e2800000, 0x00000000e2800000, 0x00000000e2900000|  0%| F|  |TAMS 0x00000000e2800000, 0x00000000e2800000| Untracked 
|  41|0x00000000e2900000, 0x00000000e2900000, 0x00000000e2a00000|  0%| F|  |TAMS 0x00000000e2900000, 0x00000000e2900000| Untracked 
|  42|0x00000000e2a00000, 0x00000000e2a00000, 0x00000000e2b00000|  0%| F|  |TAMS 0x00000000e2a00000, 0x00000000e2a00000| Untracked 
|  43|0x00000000e2b00000, 0x00000000e2b00000, 0x00000000e2c00000|  0%| F|  |TAMS 0x00000000e2b00000, 0x00000000e2b00000| Untracked 
|  44|0x00000000e2c00000, 0x00000000e2c00000, 0x00000000e2d00000|  0%| F|  |TAMS 0x00000000e2c00000, 0x00000000e2c00000| Untracked 
|  45|0x00000000e2d00000, 0x00000000e2d00000, 0x00000000e2e00000|  0%| F|  |TAMS 0x00000000e2d00000, 0x00000000e2d00000| Untracked 
|  46|0x00000000e2e00000, 0x00000000e2e00000, 0x00000000e2f00000|  0%| F|  |TAMS 0x00000000e2e00000, 0x00000000e2e00000| Untracked 
|  47|0x00000000e2f00000, 0x00000000e2f00000, 0x00000000e3000000|  0%| F|  |TAMS 0x00000000e2f00000, 0x00000000e2f00000| Untracked 
|  48|0x00000000e3000000, 0x00000000e3000000, 0x00000000e3100000|  0%| F|  |TAMS 0x00000000e3000000, 0x00000000e3000000| Untracked 
|  49|0x00000000e3100000, 0x00000000e3100000, 0x00000000e3200000|  0%| F|  |TAMS 0x00000000e3100000, 0x00000000e3100000| Untracked 
|  50|0x00000000e3200000, 0x00000000e3200000, 0x00000000e3300000|  0%| F|  |TAMS 0x00000000e3200000, 0x00000000e3200000| Untracked 
|  51|0x00000000e3300000, 0x00000000e3300000, 0x00000000e3400000|  0%| F|  |TAMS 0x00000000e3300000, 0x00000000e3300000| Untracked 
|  52|0x00000000e3400000, 0x00000000e3400000, 0x00000000e3500000|  0%| F|  |TAMS 0x00000000e3400000, 0x00000000e3400000| Untracked 
|  53|0x00000000e3500000, 0x00000000e3500000, 0x00000000e3600000|  0%| F|  |TAMS 0x00000000e3500000, 0x00000000e3500000| Untracked 
|  54|0x00000000e3600000, 0x00000000e3600000, 0x00000000e3700000|  0%| F|  |TAMS 0x00000000e3600000, 0x00000000e3600000| Untracked 
|  55|0x00000000e3700000, 0x00000000e3700000, 0x00000000e3800000|  0%| F|  |TAMS 0x00000000e3700000, 0x00000000e3700000| Untracked 
|  56|0x00000000e3800000, 0x00000000e3800000, 0x00000000e3900000|  0%| F|  |TAMS 0x00000000e3800000, 0x00000000e3800000| Untracked 
|  57|0x00000000e3900000, 0x00000000e3900000, 0x00000000e3a00000|  0%| F|  |TAMS 0x00000000e3900000, 0x00000000e3900000| Untracked 
|  58|0x00000000e3a00000, 0x00000000e3a00000, 0x00000000e3b00000|  0%| F|  |TAMS 0x00000000e3a00000, 0x00000000e3a00000| Untracked 
|  59|0x00000000e3b00000, 0x00000000e3b00000, 0x00000000e3c00000|  0%| F|  |TAMS 0x00000000e3b00000, 0x00000000e3b00000| Untracked 
|  60|0x00000000e3c00000, 0x00000000e3c00000, 0x00000000e3d00000|  0%| F|  |TAMS 0x00000000e3c00000, 0x00000000e3c00000| Untracked 
|  61|0x00000000e3d00000, 0x00000000e3d00000, 0x00000000e3e00000|  0%| F|  |TAMS 0x00000000e3d00000, 0x00000000e3d00000| Untracked 
|  62|0x00000000e3e00000, 0x00000000e3e00000, 0x00000000e3f00000|  0%| F|  |TAMS 0x00000000e3e00000, 0x00000000e3e00000| Untracked 
|  63|0x00000000e3f00000, 0x00000000e3f00000, 0x00000000e4000000|  0%| F|  |TAMS 0x00000000e3f00000, 0x00000000e3f00000| Untracked 
|  64|0x00000000e4000000, 0x00000000e4000000, 0x00000000e4100000|  0%| F|  |TAMS 0x00000000e4000000, 0x00000000e4000000| Untracked 
|  65|0x00000000e4100000, 0x00000000e4100000, 0x00000000e4200000|  0%| F|  |TAMS 0x00000000e4100000, 0x00000000e4100000| Untracked 
|  66|0x00000000e4200000, 0x00000000e4200000, 0x00000000e4300000|  0%| F|  |TAMS 0x00000000e4200000, 0x00000000e4200000| Untracked 
|  67|0x00000000e4300000, 0x00000000e4300000, 0x00000000e4400000|  0%| F|  |TAMS 0x00000000e4300000, 0x00000000e4300000| Untracked 
|  68|0x00000000e4400000, 0x00000000e4400000, 0x00000000e4500000|  0%| F|  |TAMS 0x00000000e4400000, 0x00000000e4400000| Untracked 
|  69|0x00000000e4500000, 0x00000000e4500000, 0x00000000e4600000|  0%| F|  |TAMS 0x00000000e4500000, 0x00000000e4500000| Untracked 
|  70|0x00000000e4600000, 0x00000000e4600000, 0x00000000e4700000|  0%| F|  |TAMS 0x00000000e4600000, 0x00000000e4600000| Untracked 
|  71|0x00000000e4700000, 0x00000000e4700000, 0x00000000e4800000|  0%| F|  |TAMS 0x00000000e4700000, 0x00000000e4700000| Untracked 
|  72|0x00000000e4800000, 0x00000000e4800000, 0x00000000e4900000|  0%| F|  |TAMS 0x00000000e4800000, 0x00000000e4800000| Untracked 
|  73|0x00000000e4900000, 0x00000000e4900000, 0x00000000e4a00000|  0%| F|  |TAMS 0x00000000e4900000, 0x00000000e4900000| Untracked 
|  74|0x00000000e4a00000, 0x00000000e4a00000, 0x00000000e4b00000|  0%| F|  |TAMS 0x00000000e4a00000, 0x00000000e4a00000| Untracked 
|  75|0x00000000e4b00000, 0x00000000e4b00000, 0x00000000e4c00000|  0%| F|  |TAMS 0x00000000e4b00000, 0x00000000e4b00000| Untracked 
|  76|0x00000000e4c00000, 0x00000000e4c00000, 0x00000000e4d00000|  0%| F|  |TAMS 0x00000000e4c00000, 0x00000000e4c00000| Untracked 
|  77|0x00000000e4d00000, 0x00000000e4d00000, 0x00000000e4e00000|  0%| F|  |TAMS 0x00000000e4d00000, 0x00000000e4d00000| Untracked 
|  78|0x00000000e4e00000, 0x00000000e4e00000, 0x00000000e4f00000|  0%| F|  |TAMS 0x00000000e4e00000, 0x00000000e4e00000| Untracked 
|  79|0x00000000e4f00000, 0x00000000e4f00000, 0x00000000e5000000|  0%| F|  |TAMS 0x00000000e4f00000, 0x00000000e4f00000| Untracked 
|  80|0x00000000e5000000, 0x00000000e5000000, 0x00000000e5100000|  0%| F|  |TAMS 0x00000000e5000000, 0x00000000e5000000| Untracked 
|  81|0x00000000e5100000, 0x00000000e5100000, 0x00000000e5200000|  0%| F|  |TAMS 0x00000000e5100000, 0x00000000e5100000| Untracked 
|  82|0x00000000e5200000, 0x00000000e5200000, 0x00000000e5300000|  0%| F|  |TAMS 0x00000000e5200000, 0x00000000e5200000| Untracked 
|  83|0x00000000e5300000, 0x00000000e5300000, 0x00000000e5400000|  0%| F|  |TAMS 0x00000000e5300000, 0x00000000e5300000| Untracked 
|  84|0x00000000e5400000, 0x00000000e5400000, 0x00000000e5500000|  0%| F|  |TAMS 0x00000000e5400000, 0x00000000e5400000| Untracked 
|  85|0x00000000e5500000, 0x00000000e5500000, 0x00000000e5600000|  0%| F|  |TAMS 0x00000000e5500000, 0x00000000e5500000| Untracked 
|  86|0x00000000e5600000, 0x00000000e5600000, 0x00000000e5700000|  0%| F|  |TAMS 0x00000000e5600000, 0x00000000e5600000| Untracked 
|  87|0x00000000e5700000, 0x00000000e5700000, 0x00000000e5800000|  0%| F|  |TAMS 0x00000000e5700000, 0x00000000e5700000| Untracked 
|  88|0x00000000e5800000, 0x00000000e5800000, 0x00000000e5900000|  0%| F|  |TAMS 0x00000000e5800000, 0x00000000e5800000| Untracked 
|  89|0x00000000e5900000, 0x00000000e5900000, 0x00000000e5a00000|  0%| F|  |TAMS 0x00000000e5900000, 0x00000000e5900000| Untracked 
|  90|0x00000000e5a00000, 0x00000000e5a00000, 0x00000000e5b00000|  0%| F|  |TAMS 0x00000000e5a00000, 0x00000000e5a00000| Untracked 
|  91|0x00000000e5b00000, 0x00000000e5b00000, 0x00000000e5c00000|  0%| F|  |TAMS 0x00000000e5b00000, 0x00000000e5b00000| Untracked 
|  92|0x00000000e5c00000, 0x00000000e5c00000, 0x00000000e5d00000|  0%| F|  |TAMS 0x00000000e5c00000, 0x00000000e5c00000| Untracked 
|  93|0x00000000e5d00000, 0x00000000e5d00000, 0x00000000e5e00000|  0%| F|  |TAMS 0x00000000e5d00000, 0x00000000e5d00000| Untracked 
|  94|0x00000000e5e00000, 0x00000000e5e00000, 0x00000000e5f00000|  0%| F|  |TAMS 0x00000000e5e00000, 0x00000000e5e00000| Untracked 
|  95|0x00000000e5f00000, 0x00000000e5f00000, 0x00000000e6000000|  0%| F|  |TAMS 0x00000000e5f00000, 0x00000000e5f00000| Untracked 
|  96|0x00000000e6000000, 0x00000000e6000000, 0x00000000e6100000|  0%| F|  |TAMS 0x00000000e6000000, 0x00000000e6000000| Untracked 
|  97|0x00000000e6100000, 0x00000000e6100000, 0x00000000e6200000|  0%| F|  |TAMS 0x00000000e6100000, 0x00000000e6100000| Untracked 
|  98|0x00000000e6200000, 0x00000000e6200000, 0x00000000e6300000|  0%| F|  |TAMS 0x00000000e6200000, 0x00000000e6200000| Untracked 
|  99|0x00000000e6300000, 0x00000000e6300000, 0x00000000e6400000|  0%| F|  |TAMS 0x00000000e6300000, 0x00000000e6300000| Untracked 
| 100|0x00000000e6400000, 0x00000000e6400000, 0x00000000e6500000|  0%| F|  |TAMS 0x00000000e6400000, 0x00000000e6400000| Untracked 
| 101|0x00000000e6500000, 0x00000000e6500000, 0x00000000e6600000|  0%| F|  |TAMS 0x00000000e6500000, 0x00000000e6500000| Untracked 
| 102|0x00000000e6600000, 0x00000000e6600000, 0x00000000e6700000|  0%| F|  |TAMS 0x00000000e6600000, 0x00000000e6600000| Untracked 
| 103|0x00000000e6700000, 0x00000000e6700000, 0x00000000e6800000|  0%| F|  |TAMS 0x00000000e6700000, 0x00000000e6700000| Untracked 
| 104|0x00000000e6800000, 0x00000000e6800000, 0x00000000e6900000|  0%| F|  |TAMS 0x00000000e6800000, 0x00000000e6800000| Untracked 
| 105|0x00000000e6900000, 0x00000000e6900000, 0x00000000e6a00000|  0%| F|  |TAMS 0x00000000e6900000, 0x00000000e6900000| Untracked 
| 106|0x00000000e6a00000, 0x00000000e6a00000, 0x00000000e6b00000|  0%| F|  |TAMS 0x00000000e6a00000, 0x00000000e6a00000| Untracked 
| 107|0x00000000e6b00000, 0x00000000e6b00000, 0x00000000e6c00000|  0%| F|  |TAMS 0x00000000e6b00000, 0x00000000e6b00000| Untracked 
| 108|0x00000000e6c00000, 0x00000000e6c00000, 0x00000000e6d00000|  0%| F|  |TAMS 0x00000000e6c00000, 0x00000000e6c00000| Untracked 
| 109|0x00000000e6d00000, 0x00000000e6d00000, 0x00000000e6e00000|  0%| F|  |TAMS 0x00000000e6d00000, 0x00000000e6d00000| Untracked 
| 110|0x00000000e6e00000, 0x00000000e6e00000, 0x00000000e6f00000|  0%| F|  |TAMS 0x00000000e6e00000, 0x00000000e6e00000| Untracked 
| 111|0x00000000e6f00000, 0x00000000e6f00000, 0x00000000e7000000|  0%| F|  |TAMS 0x00000000e6f00000, 0x00000000e6f00000| Untracked 
| 112|0x00000000e7000000, 0x00000000e7000000, 0x00000000e7100000|  0%| F|  |TAMS 0x00000000e7000000, 0x00000000e7000000| Untracked 
| 113|0x00000000e7100000, 0x00000000e7200000, 0x00000000e7200000|100%| S|CS|TAMS 0x00000000e7100000, 0x00000000e7100000| Complete 
| 114|0x00000000e7200000, 0x00000000e7300000, 0x00000000e7300000|100%| S|CS|TAMS 0x00000000e7200000, 0x00000000e7200000| Complete 
| 115|0x00000000e7300000, 0x00000000e7400000, 0x00000000e7400000|100%| S|CS|TAMS 0x00000000e7300000, 0x00000000e7300000| Complete 
| 116|0x00000000e7400000, 0x00000000e7500000, 0x00000000e7500000|100%| S|CS|TAMS 0x00000000e7400000, 0x00000000e7400000| Complete 
| 117|0x00000000e7500000, 0x00000000e7600000, 0x00000000e7600000|100%| S|CS|TAMS 0x00000000e7500000, 0x00000000e7500000| Complete 
| 118|0x00000000e7600000, 0x00000000e7700000, 0x00000000e7700000|100%| S|CS|TAMS 0x00000000e7600000, 0x00000000e7600000| Complete 
| 119|0x00000000e7700000, 0x00000000e7800000, 0x00000000e7800000|100%| S|CS|TAMS 0x00000000e7700000, 0x00000000e7700000| Complete 
| 120|0x00000000e7800000, 0x00000000e7900000, 0x00000000e7900000|100%| S|CS|TAMS 0x00000000e7800000, 0x00000000e7800000| Complete 
| 121|0x00000000e7900000, 0x00000000e7900000, 0x00000000e7a00000|  0%| F|  |TAMS 0x00000000e7900000, 0x00000000e7900000| Untracked 
| 122|0x00000000e7a00000, 0x00000000e7a00000, 0x00000000e7b00000|  0%| F|  |TAMS 0x00000000e7a00000, 0x00000000e7a00000| Untracked 
| 123|0x00000000e7b00000, 0x00000000e7b00000, 0x00000000e7c00000|  0%| F|  |TAMS 0x00000000e7b00000, 0x00000000e7b00000| Untracked 
| 124|0x00000000e7c00000, 0x00000000e7c00000, 0x00000000e7d00000|  0%| F|  |TAMS 0x00000000e7c00000, 0x00000000e7c00000| Untracked 
| 125|0x00000000e7d00000, 0x00000000e7d00000, 0x00000000e7e00000|  0%| F|  |TAMS 0x00000000e7d00000, 0x00000000e7d00000| Untracked 
| 126|0x00000000e7e00000, 0x00000000e7e00000, 0x00000000e7f00000|  0%| F|  |TAMS 0x00000000e7e00000, 0x00000000e7e00000| Untracked 
| 127|0x00000000e7f00000, 0x00000000e7f00000, 0x00000000e8000000|  0%| F|  |TAMS 0x00000000e7f00000, 0x00000000e7f00000| Untracked 
| 128|0x00000000e8000000, 0x00000000e8000000, 0x00000000e8100000|  0%| F|  |TAMS 0x00000000e8000000, 0x00000000e8000000| Untracked 
| 129|0x00000000e8100000, 0x00000000e8100000, 0x00000000e8200000|  0%| F|  |TAMS 0x00000000e8100000, 0x00000000e8100000| Untracked 
| 130|0x00000000e8200000, 0x00000000e8200000, 0x00000000e8300000|  0%| F|  |TAMS 0x00000000e8200000, 0x00000000e8200000| Untracked 
| 131|0x00000000e8300000, 0x00000000e8300000, 0x00000000e8400000|  0%| F|  |TAMS 0x00000000e8300000, 0x00000000e8300000| Untracked 
| 132|0x00000000e8400000, 0x00000000e8400000, 0x00000000e8500000|  0%| F|  |TAMS 0x00000000e8400000, 0x00000000e8400000| Untracked 
| 133|0x00000000e8500000, 0x00000000e8500000, 0x00000000e8600000|  0%| F|  |TAMS 0x00000000e8500000, 0x00000000e8500000| Untracked 
| 134|0x00000000e8600000, 0x00000000e8600000, 0x00000000e8700000|  0%| F|  |TAMS 0x00000000e8600000, 0x00000000e8600000| Untracked 
| 135|0x00000000e8700000, 0x00000000e8700000, 0x00000000e8800000|  0%| F|  |TAMS 0x00000000e8700000, 0x00000000e8700000| Untracked 
| 136|0x00000000e8800000, 0x00000000e8800000, 0x00000000e8900000|  0%| F|  |TAMS 0x00000000e8800000, 0x00000000e8800000| Untracked 
| 137|0x00000000e8900000, 0x00000000e8900000, 0x00000000e8a00000|  0%| F|  |TAMS 0x00000000e8900000, 0x00000000e8900000| Untracked 
| 138|0x00000000e8a00000, 0x00000000e8a00000, 0x00000000e8b00000|  0%| F|  |TAMS 0x00000000e8a00000, 0x00000000e8a00000| Untracked 
| 139|0x00000000e8b00000, 0x00000000e8b00000, 0x00000000e8c00000|  0%| F|  |TAMS 0x00000000e8b00000, 0x00000000e8b00000| Untracked 
| 140|0x00000000e8c00000, 0x00000000e8c00000, 0x00000000e8d00000|  0%| F|  |TAMS 0x00000000e8c00000, 0x00000000e8c00000| Untracked 
| 141|0x00000000e8d00000, 0x00000000e8d00000, 0x00000000e8e00000|  0%| F|  |TAMS 0x00000000e8d00000, 0x00000000e8d00000| Untracked 
| 142|0x00000000e8e00000, 0x00000000e8e00000, 0x00000000e8f00000|  0%| F|  |TAMS 0x00000000e8e00000, 0x00000000e8e00000| Untracked 
| 143|0x00000000e8f00000, 0x00000000e8f00000, 0x00000000e9000000|  0%| F|  |TAMS 0x00000000e8f00000, 0x00000000e8f00000| Untracked 
| 144|0x00000000e9000000, 0x00000000e9000000, 0x00000000e9100000|  0%| F|  |TAMS 0x00000000e9000000, 0x00000000e9000000| Untracked 
| 145|0x00000000e9100000, 0x00000000e9100000, 0x00000000e9200000|  0%| F|  |TAMS 0x00000000e9100000, 0x00000000e9100000| Untracked 
| 146|0x00000000e9200000, 0x00000000e9200000, 0x00000000e9300000|  0%| F|  |TAMS 0x00000000e9200000, 0x00000000e9200000| Untracked 
| 147|0x00000000e9300000, 0x00000000e9300000, 0x00000000e9400000|  0%| F|  |TAMS 0x00000000e9300000, 0x00000000e9300000| Untracked 
| 148|0x00000000e9400000, 0x00000000e9400000, 0x00000000e9500000|  0%| F|  |TAMS 0x00000000e9400000, 0x00000000e9400000| Untracked 
| 149|0x00000000e9500000, 0x00000000e9500000, 0x00000000e9600000|  0%| F|  |TAMS 0x00000000e9500000, 0x00000000e9500000| Untracked 
| 150|0x00000000e9600000, 0x00000000e9600000, 0x00000000e9700000|  0%| F|  |TAMS 0x00000000e9600000, 0x00000000e9600000| Untracked 
| 151|0x00000000e9700000, 0x00000000e9700000, 0x00000000e9800000|  0%| F|  |TAMS 0x00000000e9700000, 0x00000000e9700000| Untracked 
| 152|0x00000000e9800000, 0x00000000e9800000, 0x00000000e9900000|  0%| F|  |TAMS 0x00000000e9800000, 0x00000000e9800000| Untracked 
| 153|0x00000000e9900000, 0x00000000e9900000, 0x00000000e9a00000|  0%| F|  |TAMS 0x00000000e9900000, 0x00000000e9900000| Untracked 
| 154|0x00000000e9a00000, 0x00000000e9a00000, 0x00000000e9b00000|  0%| F|  |TAMS 0x00000000e9a00000, 0x00000000e9a00000| Untracked 
| 155|0x00000000e9b00000, 0x00000000e9b00000, 0x00000000e9c00000|  0%| F|  |TAMS 0x00000000e9b00000, 0x00000000e9b00000| Untracked 
| 156|0x00000000e9c00000, 0x00000000e9c00000, 0x00000000e9d00000|  0%| F|  |TAMS 0x00000000e9c00000, 0x00000000e9c00000| Untracked 
| 157|0x00000000e9d00000, 0x00000000e9d00000, 0x00000000e9e00000|  0%| F|  |TAMS 0x00000000e9d00000, 0x00000000e9d00000| Untracked 
| 158|0x00000000e9e00000, 0x00000000e9e00000, 0x00000000e9f00000|  0%| F|  |TAMS 0x00000000e9e00000, 0x00000000e9e00000| Untracked 
| 159|0x00000000e9f00000, 0x00000000e9f00000, 0x00000000ea000000|  0%| F|  |TAMS 0x00000000e9f00000, 0x00000000e9f00000| Untracked 
| 160|0x00000000ea000000, 0x00000000ea000000, 0x00000000ea100000|  0%| F|  |TAMS 0x00000000ea000000, 0x00000000ea000000| Untracked 
| 161|0x00000000ea100000, 0x00000000ea100000, 0x00000000ea200000|  0%| F|  |TAMS 0x00000000ea100000, 0x00000000ea100000| Untracked 
| 162|0x00000000ea200000, 0x00000000ea200000, 0x00000000ea300000|  0%| F|  |TAMS 0x00000000ea200000, 0x00000000ea200000| Untracked 
| 163|0x00000000ea300000, 0x00000000ea300000, 0x00000000ea400000|  0%| F|  |TAMS 0x00000000ea300000, 0x00000000ea300000| Untracked 
| 164|0x00000000ea400000, 0x00000000ea400000, 0x00000000ea500000|  0%| F|  |TAMS 0x00000000ea400000, 0x00000000ea400000| Untracked 
| 165|0x00000000ea500000, 0x00000000ea500000, 0x00000000ea600000|  0%| F|  |TAMS 0x00000000ea500000, 0x00000000ea500000| Untracked 
| 166|0x00000000ea600000, 0x00000000ea600000, 0x00000000ea700000|  0%| F|  |TAMS 0x00000000ea600000, 0x00000000ea600000| Untracked 
| 167|0x00000000ea700000, 0x00000000ea700000, 0x00000000ea800000|  0%| F|  |TAMS 0x00000000ea700000, 0x00000000ea700000| Untracked 
| 168|0x00000000ea800000, 0x00000000ea800000, 0x00000000ea900000|  0%| F|  |TAMS 0x00000000ea800000, 0x00000000ea800000| Untracked 
| 169|0x00000000ea900000, 0x00000000ea900000, 0x00000000eaa00000|  0%| F|  |TAMS 0x00000000ea900000, 0x00000000ea900000| Untracked 
| 170|0x00000000eaa00000, 0x00000000eaa00000, 0x00000000eab00000|  0%| F|  |TAMS 0x00000000eaa00000, 0x00000000eaa00000| Untracked 
| 171|0x00000000eab00000, 0x00000000eab00000, 0x00000000eac00000|  0%| F|  |TAMS 0x00000000eab00000, 0x00000000eab00000| Untracked 
| 172|0x00000000eac00000, 0x00000000eac00000, 0x00000000ead00000|  0%| F|  |TAMS 0x00000000eac00000, 0x00000000eac00000| Untracked 
| 173|0x00000000ead00000, 0x00000000ead00000, 0x00000000eae00000|  0%| F|  |TAMS 0x00000000ead00000, 0x00000000ead00000| Untracked 
| 174|0x00000000eae00000, 0x00000000eae00000, 0x00000000eaf00000|  0%| F|  |TAMS 0x00000000eae00000, 0x00000000eae00000| Untracked 
| 175|0x00000000eaf00000, 0x00000000eaf00000, 0x00000000eb000000|  0%| F|  |TAMS 0x00000000eaf00000, 0x00000000eaf00000| Untracked 
| 176|0x00000000eb000000, 0x00000000eb000000, 0x00000000eb100000|  0%| F|  |TAMS 0x00000000eb000000, 0x00000000eb000000| Untracked 
| 177|0x00000000eb100000, 0x00000000eb200000, 0x00000000eb200000|100%| E|  |TAMS 0x00000000eb100000, 0x00000000eb100000| Complete 
| 178|0x00000000eb200000, 0x00000000eb300000, 0x00000000eb300000|100%| E|CS|TAMS 0x00000000eb200000, 0x00000000eb200000| Complete 
| 179|0x00000000eb300000, 0x00000000eb400000, 0x00000000eb400000|100%| E|CS|TAMS 0x00000000eb300000, 0x00000000eb300000| Complete 
| 180|0x00000000eb400000, 0x00000000eb500000, 0x00000000eb500000|100%| E|CS|TAMS 0x00000000eb400000, 0x00000000eb400000| Complete 
| 181|0x00000000eb500000, 0x00000000eb600000, 0x00000000eb600000|100%| E|CS|TAMS 0x00000000eb500000, 0x00000000eb500000| Complete 
| 182|0x00000000eb600000, 0x00000000eb700000, 0x00000000eb700000|100%| E|CS|TAMS 0x00000000eb600000, 0x00000000eb600000| Complete 
| 183|0x00000000eb700000, 0x00000000eb800000, 0x00000000eb800000|100%| E|CS|TAMS 0x00000000eb700000, 0x00000000eb700000| Complete 
| 184|0x00000000eb800000, 0x00000000eb900000, 0x00000000eb900000|100%| E|CS|TAMS 0x00000000eb800000, 0x00000000eb800000| Complete 
| 185|0x00000000eb900000, 0x00000000eba00000, 0x00000000eba00000|100%| E|CS|TAMS 0x00000000eb900000, 0x00000000eb900000| Complete 
| 186|0x00000000eba00000, 0x00000000ebb00000, 0x00000000ebb00000|100%| E|CS|TAMS 0x00000000eba00000, 0x00000000eba00000| Complete 
| 187|0x00000000ebb00000, 0x00000000ebc00000, 0x00000000ebc00000|100%| E|CS|TAMS 0x00000000ebb00000, 0x00000000ebb00000| Complete 
| 188|0x00000000ebc00000, 0x00000000ebd00000, 0x00000000ebd00000|100%| E|CS|TAMS 0x00000000ebc00000, 0x00000000ebc00000| Complete 
| 189|0x00000000ebd00000, 0x00000000ebe00000, 0x00000000ebe00000|100%| E|CS|TAMS 0x00000000ebd00000, 0x00000000ebd00000| Complete 
| 190|0x00000000ebe00000, 0x00000000ebf00000, 0x00000000ebf00000|100%| E|CS|TAMS 0x00000000ebe00000, 0x00000000ebe00000| Complete 
| 191|0x00000000ebf00000, 0x00000000ec000000, 0x00000000ec000000|100%| E|CS|TAMS 0x00000000ebf00000, 0x00000000ebf00000| Complete 
| 192|0x00000000ec000000, 0x00000000ec100000, 0x00000000ec100000|100%| E|CS|TAMS 0x00000000ec000000, 0x00000000ec000000| Complete 
| 193|0x00000000ec100000, 0x00000000ec200000, 0x00000000ec200000|100%| E|CS|TAMS 0x00000000ec100000, 0x00000000ec100000| Complete 
| 194|0x00000000ec200000, 0x00000000ec300000, 0x00000000ec300000|100%| E|CS|TAMS 0x00000000ec200000, 0x00000000ec200000| Complete 
| 195|0x00000000ec300000, 0x00000000ec400000, 0x00000000ec400000|100%| E|CS|TAMS 0x00000000ec300000, 0x00000000ec300000| Complete 
| 196|0x00000000ec400000, 0x00000000ec500000, 0x00000000ec500000|100%| E|CS|TAMS 0x00000000ec400000, 0x00000000ec400000| Complete 
| 197|0x00000000ec500000, 0x00000000ec600000, 0x00000000ec600000|100%| E|CS|TAMS 0x00000000ec500000, 0x00000000ec500000| Complete 
| 198|0x00000000ec600000, 0x00000000ec700000, 0x00000000ec700000|100%| E|CS|TAMS 0x00000000ec600000, 0x00000000ec600000| Complete 
| 199|0x00000000ec700000, 0x00000000ec800000, 0x00000000ec800000|100%| E|CS|TAMS 0x00000000ec700000, 0x00000000ec700000| Complete 
| 200|0x00000000ec800000, 0x00000000ec900000, 0x00000000ec900000|100%| E|CS|TAMS 0x00000000ec800000, 0x00000000ec800000| Complete 
| 201|0x00000000ec900000, 0x00000000eca00000, 0x00000000eca00000|100%| E|CS|TAMS 0x00000000ec900000, 0x00000000ec900000| Complete 
| 202|0x00000000eca00000, 0x00000000ecb00000, 0x00000000ecb00000|100%| E|CS|TAMS 0x00000000eca00000, 0x00000000eca00000| Complete 
| 203|0x00000000ecb00000, 0x00000000ecc00000, 0x00000000ecc00000|100%| E|CS|TAMS 0x00000000ecb00000, 0x00000000ecb00000| Complete 
| 204|0x00000000ecc00000, 0x00000000ecd00000, 0x00000000ecd00000|100%| E|CS|TAMS 0x00000000ecc00000, 0x00000000ecc00000| Complete 
| 205|0x00000000ecd00000, 0x00000000ece00000, 0x00000000ece00000|100%| E|CS|TAMS 0x00000000ecd00000, 0x00000000ecd00000| Complete 
| 206|0x00000000ece00000, 0x00000000ecf00000, 0x00000000ecf00000|100%| E|CS|TAMS 0x00000000ece00000, 0x00000000ece00000| Complete 
| 207|0x00000000ecf00000, 0x00000000ed000000, 0x00000000ed000000|100%| E|CS|TAMS 0x00000000ecf00000, 0x00000000ecf00000| Complete 
| 208|0x00000000ed000000, 0x00000000ed100000, 0x00000000ed100000|100%| E|CS|TAMS 0x00000000ed000000, 0x00000000ed000000| Complete 
| 209|0x00000000ed100000, 0x00000000ed200000, 0x00000000ed200000|100%| E|CS|TAMS 0x00000000ed100000, 0x00000000ed100000| Complete 
| 210|0x00000000ed200000, 0x00000000ed300000, 0x00000000ed300000|100%| E|CS|TAMS 0x00000000ed200000, 0x00000000ed200000| Complete 
| 211|0x00000000ed300000, 0x00000000ed400000, 0x00000000ed400000|100%| E|CS|TAMS 0x00000000ed300000, 0x00000000ed300000| Complete 
| 212|0x00000000ed400000, 0x00000000ed500000, 0x00000000ed500000|100%| E|CS|TAMS 0x00000000ed400000, 0x00000000ed400000| Complete 
| 213|0x00000000ed500000, 0x00000000ed600000, 0x00000000ed600000|100%| E|CS|TAMS 0x00000000ed500000, 0x00000000ed500000| Complete 
| 214|0x00000000ed600000, 0x00000000ed700000, 0x00000000ed700000|100%| E|CS|TAMS 0x00000000ed600000, 0x00000000ed600000| Complete 
| 215|0x00000000ed700000, 0x00000000ed800000, 0x00000000ed800000|100%| E|CS|TAMS 0x00000000ed700000, 0x00000000ed700000| Complete 
| 216|0x00000000ed800000, 0x00000000ed900000, 0x00000000ed900000|100%| E|CS|TAMS 0x00000000ed800000, 0x00000000ed800000| Complete 
| 217|0x00000000ed900000, 0x00000000eda00000, 0x00000000eda00000|100%| E|CS|TAMS 0x00000000ed900000, 0x00000000ed900000| Complete 
| 218|0x00000000eda00000, 0x00000000edb00000, 0x00000000edb00000|100%| E|CS|TAMS 0x00000000eda00000, 0x00000000eda00000| Complete 
| 219|0x00000000edb00000, 0x00000000edc00000, 0x00000000edc00000|100%| E|CS|TAMS 0x00000000edb00000, 0x00000000edb00000| Complete 
| 220|0x00000000edc00000, 0x00000000edd00000, 0x00000000edd00000|100%| E|CS|TAMS 0x00000000edc00000, 0x00000000edc00000| Complete 
| 221|0x00000000edd00000, 0x00000000ede00000, 0x00000000ede00000|100%| E|CS|TAMS 0x00000000edd00000, 0x00000000edd00000| Complete 
| 222|0x00000000ede00000, 0x00000000edf00000, 0x00000000edf00000|100%| E|CS|TAMS 0x00000000ede00000, 0x00000000ede00000| Complete 
| 223|0x00000000edf00000, 0x00000000ee000000, 0x00000000ee000000|100%| E|CS|TAMS 0x00000000edf00000, 0x00000000edf00000| Complete 
| 224|0x00000000ee000000, 0x00000000ee100000, 0x00000000ee100000|100%| E|CS|TAMS 0x00000000ee000000, 0x00000000ee000000| Complete 
| 225|0x00000000ee100000, 0x00000000ee200000, 0x00000000ee200000|100%| E|CS|TAMS 0x00000000ee100000, 0x00000000ee100000| Complete 
| 226|0x00000000ee200000, 0x00000000ee300000, 0x00000000ee300000|100%| E|CS|TAMS 0x00000000ee200000, 0x00000000ee200000| Complete 
| 227|0x00000000ee300000, 0x00000000ee400000, 0x00000000ee400000|100%| E|CS|TAMS 0x00000000ee300000, 0x00000000ee300000| Complete 
| 228|0x00000000ee400000, 0x00000000ee500000, 0x00000000ee500000|100%| E|CS|TAMS 0x00000000ee400000, 0x00000000ee400000| Complete 
| 229|0x00000000ee500000, 0x00000000ee600000, 0x00000000ee600000|100%| E|CS|TAMS 0x00000000ee500000, 0x00000000ee500000| Complete 
| 230|0x00000000ee600000, 0x00000000ee700000, 0x00000000ee700000|100%| E|CS|TAMS 0x00000000ee600000, 0x00000000ee600000| Complete 
| 231|0x00000000ee700000, 0x00000000ee800000, 0x00000000ee800000|100%| E|CS|TAMS 0x00000000ee700000, 0x00000000ee700000| Complete 
| 232|0x00000000ee800000, 0x00000000ee900000, 0x00000000ee900000|100%| E|CS|TAMS 0x00000000ee800000, 0x00000000ee800000| Complete 
| 233|0x00000000ee900000, 0x00000000eea00000, 0x00000000eea00000|100%| E|CS|TAMS 0x00000000ee900000, 0x00000000ee900000| Complete 
| 234|0x00000000eea00000, 0x00000000eeb00000, 0x00000000eeb00000|100%| E|CS|TAMS 0x00000000eea00000, 0x00000000eea00000| Complete 
| 235|0x00000000eeb00000, 0x00000000eec00000, 0x00000000eec00000|100%| E|CS|TAMS 0x00000000eeb00000, 0x00000000eeb00000| Complete 
| 236|0x00000000eec00000, 0x00000000eed00000, 0x00000000eed00000|100%| E|CS|TAMS 0x00000000eec00000, 0x00000000eec00000| Complete 
| 237|0x00000000eed00000, 0x00000000eee00000, 0x00000000eee00000|100%| E|CS|TAMS 0x00000000eed00000, 0x00000000eed00000| Complete 
| 238|0x00000000eee00000, 0x00000000eef00000, 0x00000000eef00000|100%| E|CS|TAMS 0x00000000eee00000, 0x00000000eee00000| Complete 
| 239|0x00000000eef00000, 0x00000000ef000000, 0x00000000ef000000|100%| E|CS|TAMS 0x00000000eef00000, 0x00000000eef00000| Complete 
| 240|0x00000000ef000000, 0x00000000ef100000, 0x00000000ef100000|100%| E|CS|TAMS 0x00000000ef000000, 0x00000000ef000000| Complete 
| 241|0x00000000ef100000, 0x00000000ef200000, 0x00000000ef200000|100%| E|CS|TAMS 0x00000000ef100000, 0x00000000ef100000| Complete 
| 242|0x00000000ef200000, 0x00000000ef300000, 0x00000000ef300000|100%| E|CS|TAMS 0x00000000ef200000, 0x00000000ef200000| Complete 
| 243|0x00000000ef300000, 0x00000000ef400000, 0x00000000ef400000|100%| E|CS|TAMS 0x00000000ef300000, 0x00000000ef300000| Complete 
| 244|0x00000000ef400000, 0x00000000ef500000, 0x00000000ef500000|100%| E|CS|TAMS 0x00000000ef400000, 0x00000000ef400000| Complete 
| 245|0x00000000ef500000, 0x00000000ef600000, 0x00000000ef600000|100%| E|CS|TAMS 0x00000000ef500000, 0x00000000ef500000| Complete 
| 246|0x00000000ef600000, 0x00000000ef700000, 0x00000000ef700000|100%| E|CS|TAMS 0x00000000ef600000, 0x00000000ef600000| Complete 
| 247|0x00000000ef700000, 0x00000000ef800000, 0x00000000ef800000|100%| E|CS|TAMS 0x00000000ef700000, 0x00000000ef700000| Complete 
| 248|0x00000000ef800000, 0x00000000ef900000, 0x00000000ef900000|100%| E|CS|TAMS 0x00000000ef800000, 0x00000000ef800000| Complete 
| 249|0x00000000ef900000, 0x00000000efa00000, 0x00000000efa00000|100%| E|CS|TAMS 0x00000000ef900000, 0x00000000ef900000| Complete 
| 250|0x00000000efa00000, 0x00000000efb00000, 0x00000000efb00000|100%| E|CS|TAMS 0x00000000efa00000, 0x00000000efa00000| Complete 
| 251|0x00000000efb00000, 0x00000000efc00000, 0x00000000efc00000|100%| E|CS|TAMS 0x00000000efb00000, 0x00000000efb00000| Complete 
| 252|0x00000000efc00000, 0x00000000efd00000, 0x00000000efd00000|100%| E|CS|TAMS 0x00000000efc00000, 0x00000000efc00000| Complete 
| 253|0x00000000efd00000, 0x00000000efe00000, 0x00000000efe00000|100%| E|CS|TAMS 0x00000000efd00000, 0x00000000efd00000| Complete 
| 254|0x00000000efe00000, 0x00000000eff00000, 0x00000000eff00000|100%| E|CS|TAMS 0x00000000efe00000, 0x00000000efe00000| Complete 
| 255|0x00000000eff00000, 0x00000000f0000000, 0x00000000f0000000|100%| E|CS|TAMS 0x00000000eff00000, 0x00000000eff00000| Complete 

Card table byte_map: [0x00000268af620000,0x00000268af720000] _byte_map_base: 0x00000268aef20000

Marking Bits (Prev, Next): (CMBitMap*) 0x0000026898da6e50, (CMBitMap*) 0x0000026898da6e10
 Prev Bits: [0x00000268b0020000, 0x00000268b0820000)
 Next Bits: [0x00000268af820000, 0x00000268b0020000)

Polling page: 0x0000026898550000

Metaspace:

Usage:
  Non-class:     51.11 MB used.
      Class:      8.28 MB used.
       Both:     59.39 MB used.

Virtual space:
  Non-class space:       64.00 MB reserved,      51.44 MB ( 80%) committed,  1 nodes.
      Class space:      320.00 MB reserved,       8.62 MB (  3%) committed,  1 nodes.
             Both:      384.00 MB reserved,      60.06 MB ( 16%) committed. 

Chunk freelists:
   Non-Class:  12.25 MB
       Class:  7.23 MB
        Both:  19.48 MB

MaxMetaspaceSize: 384.00 MB
CompressedClassSpaceSize: 320.00 MB
Initial GC threshold: 21.00 MB
Current GC threshold: 97.94 MB
CDS: on
MetaspaceReclaimPolicy: balanced
 - commit_granule_bytes: 65536.
 - commit_granule_words: 8192.
 - virtual_space_node_default_size: 8388608.
 - enlarge_chunks_in_place: 1.
 - new_chunks_are_fully_committed: 0.
 - uncommit_free_chunks: 1.
 - use_allocation_guard: 0.
 - handle_deallocations: 1.


Internal statistics:

num_allocs_failed_limit: 9.
num_arena_births: 786.
num_arena_deaths: 0.
num_vsnodes_births: 2.
num_vsnodes_deaths: 0.
num_space_committed: 961.
num_space_uncommitted: 0.
num_chunks_returned_to_freelist: 9.
num_chunks_taken_from_freelist: 3362.
num_chunk_merges: 9.
num_chunk_splits: 2186.
num_chunks_enlarged: 1449.
num_inconsistent_stats: 0.

CodeHeap 'non-profiled nmethods': size=120000Kb used=4924Kb max_used=4924Kb free=115076Kb
 bounds [0x00000268a80f0000, 0x00000268a85c0000, 0x00000268af620000]
CodeHeap 'profiled nmethods': size=120000Kb used=16731Kb max_used=16731Kb free=103269Kb
 bounds [0x00000268a0620000, 0x00000268a1680000, 0x00000268a7b50000]
CodeHeap 'non-nmethods': size=5760Kb used=2346Kb max_used=2421Kb free=3413Kb
 bounds [0x00000268a7b50000, 0x00000268a7dd0000, 0x00000268a80f0000]
 total_blobs=9435 nmethods=8566 adapters=781
 compilation: enabled
              stopped_count=0, restarted_count=0
 full_count=0

Compilation events (20 events):
Event: 157.315 Thread 0x00000268b2de7480 nmethod 9385 0x00000268a1672c10 code [0x00000268a1672da0, 0x00000268a1672ee8]
Event: 157.315 Thread 0x00000268b2de7480 9386       3       org.gradle.api.internal.artifacts.configurations.DefaultConfiguration$ResolverResultsResolutionResultProvider::<init> (15 bytes)
Event: 157.316 Thread 0x00000268b2de7480 nmethod 9386 0x00000268a1672f90 code [0x00000268a1673120, 0x00000268a16732f8]
Event: 157.320 Thread 0x00000268b2de7480 9387       3       sun.nio.ch.FileChannelImpl::<init> (144 bytes)
Event: 157.322 Thread 0x00000268b2de7480 nmethod 9387 0x00000268a1673410 code [0x00000268a1673680, 0x00000268a1674518]
Event: 157.322 Thread 0x00000268b2de7480 9388       3       java.nio.channels.FileChannel::<init> (5 bytes)
Event: 157.322 Thread 0x00000268b2de7480 nmethod 9388 0x00000268a1674990 code [0x00000268a1674b40, 0x00000268a1674e18]
Event: 157.878 Thread 0x00000268b2de6ac0 9389   !   4       io.spring.gradle.dependencymanagement.org.apache.maven.model.Dependency::clone (137 bytes)
Event: 157.886 Thread 0x00000268b2de7480 9390       1       io.spring.gradle.dependencymanagement.org.apache.maven.model.Reporting::getExcludeDefaults (5 bytes)
Event: 157.886 Thread 0x00000268b2de7480 nmethod 9390 0x00000268a85bd110 code [0x00000268a85bd2a0, 0x00000268a85bd378]
Event: 157.886 Thread 0x00000268b2de7480 9391       3       io.spring.gradle.dependencymanagement.org.apache.maven.model.inheritance.DefaultInheritanceAssembler$InheritanceModelMerger::putAll (74 bytes)
Event: 157.887 Thread 0x00000268b2de7480 nmethod 9391 0x00000268a1674f10 code [0x00000268a1675160, 0x00000268a1675b88]
Event: 157.887 Thread 0x00000268b2de7480 9392       1       io.spring.gradle.dependencymanagement.org.apache.maven.model.Model::setContributors (6 bytes)
Event: 157.887 Thread 0x00000268b2de7480 nmethod 9392 0x00000268a85bd410 code [0x00000268a85bd5a0, 0x00000268a85bd6b8]
Event: 157.909 Thread 0x00000268b2de7480 9393       3       io.spring.gradle.dependencymanagement.org.apache.maven.model.Build::getExtensions (23 bytes)
Event: 157.910 Thread 0x00000268b2de7480 nmethod 9393 0x00000268a1675e10 code [0x00000268a1675fe0, 0x00000268a16763d8]
Event: 157.910 Thread 0x00000268b2de7480 9394       3       io.spring.gradle.dependencymanagement.org.apache.maven.model.Model::getContributors (23 bytes)
Event: 157.911 Thread 0x00000268b2de7480 nmethod 9394 0x00000268a1676510 code [0x00000268a16766e0, 0x00000268a1676ad8]
Event: 157.932 Thread 0x00000268b2de6ac0 nmethod 9389 0x00000268a85bd710 code [0x00000268a85bd900, 0x00000268a85be788]
Event: 157.932 Thread 0x00000268b2de6ac0 9395   !   4       io.spring.gradle.dependencymanagement.org.codehaus.plexus.interpolation.StringSearchInterpolator::interpolate (668 bytes)

GC Heap History (16 events):
Event: 2.655 GC heap before
{Heap before GC invocations=0 (full 0):
 garbage-first heap   total 262144K, used 13312K [0x00000000e0000000, 0x0000000100000000)
  region size 1024K, 13 young (13312K), 0 survivors (0K)
 Metaspace       used 770K, committed 896K, reserved 393216K
  class space    used 61K, committed 128K, reserved 327680K
}
Event: 2.700 GC heap after
{Heap after GC invocations=1 (full 0):
 garbage-first heap   total 262144K, used 1184K [0x00000000e0000000, 0x0000000100000000)
  region size 1024K, 2 young (2048K), 2 survivors (2048K)
 Metaspace       used 770K, committed 896K, reserved 393216K
  class space    used 61K, committed 128K, reserved 327680K
}
Event: 6.114 GC heap before
{Heap before GC invocations=1 (full 0):
 garbage-first heap   total 262144K, used 23712K [0x00000000e0000000, 0x0000000100000000)
  region size 1024K, 21 young (21504K), 2 survivors (2048K)
 Metaspace       used 3100K, committed 3328K, reserved 393216K
  class space    used 382K, committed 512K, reserved 327680K
}
Event: 6.120 GC heap after
{Heap after GC invocations=2 (full 0):
 garbage-first heap   total 262144K, used 10694K [0x00000000e0000000, 0x0000000100000000)
  region size 1024K, 3 young (3072K), 3 survivors (3072K)
 Metaspace       used 3100K, committed 3328K, reserved 393216K
  class space    used 382K, committed 512K, reserved 327680K
}
Event: 29.000 GC heap before
{Heap before GC invocations=2 (full 0):
 garbage-first heap   total 262144K, used 166342K [0x00000000e0000000, 0x0000000100000000)
  region size 1024K, 153 young (156672K), 3 survivors (3072K)
 Metaspace       used 19035K, committed 19328K, reserved 393216K
  class space    used 2759K, committed 2880K, reserved 327680K
}
Event: 29.021 GC heap after
{Heap after GC invocations=3 (full 0):
 garbage-first heap   total 262144K, used 22754K [0x00000000e0000000, 0x0000000100000000)
  region size 1024K, 14 young (14336K), 14 survivors (14336K)
 Metaspace       used 19035K, committed 19328K, reserved 393216K
  class space    used 2759K, committed 2880K, reserved 327680K
}
Event: 31.477 GC heap before
{Heap before GC invocations=3 (full 0):
 garbage-first heap   total 262144K, used 41186K [0x00000000e0000000, 0x0000000100000000)
  region size 1024K, 33 young (33792K), 14 survivors (14336K)
 Metaspace       used 21164K, committed 21504K, reserved 393216K
  class space    used 3087K, committed 3264K, reserved 327680K
}
Event: 31.501 GC heap after
{Heap after GC invocations=4 (full 0):
 garbage-first heap   total 262144K, used 24949K [0x00000000e0000000, 0x0000000100000000)
  region size 1024K, 2 young (2048K), 2 survivors (2048K)
 Metaspace       used 21164K, committed 21504K, reserved 393216K
  class space    used 3087K, committed 3264K, reserved 327680K
}
Event: 49.206 GC heap before
{Heap before GC invocations=5 (full 0):
 garbage-first heap   total 262144K, used 144757K [0x00000000e0000000, 0x0000000100000000)
  region size 1024K, 116 young (118784K), 2 survivors (2048K)
 Metaspace       used 35529K, committed 35968K, reserved 393216K
  class space    used 4942K, committed 5184K, reserved 327680K
}
Event: 49.222 GC heap after
{Heap after GC invocations=6 (full 0):
 garbage-first heap   total 262144K, used 32734K [0x00000000e0000000, 0x0000000100000000)
  region size 1024K, 10 young (10240K), 10 survivors (10240K)
 Metaspace       used 35529K, committed 35968K, reserved 393216K
  class space    used 4942K, committed 5184K, reserved 327680K
}
Event: 69.903 GC heap before
{Heap before GC invocations=7 (full 0):
 garbage-first heap   total 262144K, used 181214K [0x00000000e0000000, 0x0000000100000000)
  region size 1024K, 153 young (156672K), 10 survivors (10240K)
 Metaspace       used 47318K, committed 47936K, reserved 393216K
  class space    used 6669K, committed 6976K, reserved 327680K
}
Event: 69.926 GC heap after
{Heap after GC invocations=8 (full 0):
 garbage-first heap   total 262144K, used 40033K [0x00000000e0000000, 0x0000000100000000)
  region size 1024K, 17 young (17408K), 17 survivors (17408K)
 Metaspace       used 47318K, committed 47936K, reserved 393216K
  class space    used 6669K, committed 6976K, reserved 327680K
}
Event: 69.975 GC heap before
{Heap before GC invocations=8 (full 0):
 garbage-first heap   total 262144K, used 41057K [0x00000000e0000000, 0x0000000100000000)
  region size 1024K, 18 young (18432K), 17 survivors (17408K)
 Metaspace       used 47413K, committed 48000K, reserved 393216K
  class space    used 6687K, committed 6976K, reserved 327680K
}
Event: 69.999 GC heap after
{Heap after GC invocations=9 (full 0):
 garbage-first heap   total 262144K, used 41215K [0x00000000e0000000, 0x0000000100000000)
  region size 1024K, 2 young (2048K), 2 survivors (2048K)
 Metaspace       used 47413K, committed 48000K, reserved 393216K
  class space    used 6687K, committed 6976K, reserved 327680K
}
Event: 104.820 GC heap before
{Heap before GC invocations=9 (full 0):
 garbage-first heap   total 262144K, used 175359K [0x00000000e0000000, 0x0000000100000000)
  region size 1024K, 135 young (138240K), 2 survivors (2048K)
 Metaspace       used 59454K, committed 60096K, reserved 393216K
  class space    used 8397K, committed 8704K, reserved 327680K
}
Event: 104.866 GC heap after
{Heap after GC invocations=10 (full 0):
 garbage-first heap   total 262144K, used 47359K [0x00000000e0000000, 0x0000000100000000)
  region size 1024K, 8 young (8192K), 8 survivors (8192K)
 Metaspace       used 59454K, committed 60096K, reserved 393216K
  class space    used 8397K, committed 8704K, reserved 327680K
}

Deoptimization events (20 events):
Event: 130.359 Thread 0x00000268cc481120 Uncommon trap: trap_request=0xffffffde fr.pc=0x00000268a8516390 relative=0x0000000000001350
Event: 130.359 Thread 0x00000268cc481120 Uncommon trap: reason=class_check action=maybe_recompile pc=0x00000268a8516390 method=org.gradle.api.internal.artifacts.ivyservice.resolveengine.result.DesugaredAttributeContainerSerializer.read(Lorg/gradle/internal/serialize/Decoder;)Lorg/gradle/api/inte
Event: 130.359 Thread 0x00000268cc481120 DEOPT PACKING pc=0x00000268a8516390 sp=0x0000009fb95f9160
Event: 130.359 Thread 0x00000268cc481120 DEOPT UNPACKING pc=0x00000268a7ba23a3 sp=0x0000009fb95f9140 mode 2
Event: 130.785 Thread 0x00000268cc481120 Uncommon trap: trap_request=0xffffff45 fr.pc=0x00000268a8552bd8 relative=0x00000000000003f8
Event: 130.785 Thread 0x00000268cc481120 Uncommon trap: reason=unstable_if action=reinterpret pc=0x00000268a8552bd8 method=com.esotericsoftware.kryo.io.Output.writeString(Ljava/lang/String;)V @ 93 c2
Event: 130.785 Thread 0x00000268cc481120 DEOPT PACKING pc=0x00000268a8552bd8 sp=0x0000009fb95f8440
Event: 130.785 Thread 0x00000268cc481120 DEOPT UNPACKING pc=0x00000268a7ba23a3 sp=0x0000009fb95f83d8 mode 2
Event: 147.415 Thread 0x00000268cc481120 DEOPT PACKING pc=0x00000268a13284f6 sp=0x0000009fb95f8db0
Event: 147.415 Thread 0x00000268cc481120 DEOPT UNPACKING pc=0x00000268a7ba2b43 sp=0x0000009fb95f82b0 mode 0
Event: 147.701 Thread 0x00000268cc481120 Uncommon trap: trap_request=0xffffff45 fr.pc=0x00000268a84be6e8 relative=0x0000000000000f28
Event: 147.701 Thread 0x00000268cc481120 Uncommon trap: reason=unstable_if action=reinterpret pc=0x00000268a84be6e8 method=io.spring.gradle.dependencymanagement.org.codehaus.plexus.util.xml.pull.MXParser.nextImpl()I @ 977 c2
Event: 147.701 Thread 0x00000268cc481120 DEOPT PACKING pc=0x00000268a84be6e8 sp=0x0000009fb95f8c60
Event: 147.701 Thread 0x00000268cc481120 DEOPT UNPACKING pc=0x00000268a7ba23a3 sp=0x0000009fb95f8be0 mode 2
Event: 155.264 Thread 0x00000268ccf27050 DEOPT PACKING pc=0x00000268a0b351dc sp=0x0000009fb8ffe9d0
Event: 155.265 Thread 0x00000268ccf27050 DEOPT UNPACKING pc=0x00000268a7ba2b43 sp=0x0000009fb8ffdf10 mode 0
Event: 156.815 Thread 0x00000268cc47f7d0 Uncommon trap: trap_request=0xffffff45 fr.pc=0x00000268a828dd4c relative=0x000000000000004c
Event: 156.815 Thread 0x00000268cc47f7d0 Uncommon trap: reason=unstable_if action=reinterpret pc=0x00000268a828dd4c method=java.lang.Thread.interrupted()Z @ 10 c2
Event: 156.815 Thread 0x00000268cc47f7d0 DEOPT PACKING pc=0x00000268a828dd4c sp=0x0000009fb94ff430
Event: 156.815 Thread 0x00000268cc47f7d0 DEOPT UNPACKING pc=0x00000268a7ba23a3 sp=0x0000009fb94ff3c0 mode 2

Classes unloaded (0 events):
No events

Classes redefined (0 events):
No events

Internal exceptions (20 events):
Event: 79.920 Thread 0x00000268cef8f900 Exception <a 'java/lang/NoSuchMethodError'{0x00000000e98b6618}: 'java.lang.Object java.lang.invoke.DirectMethodHandle$Holder.invokeStatic(java.lang.Object, java.lang.Object, long, java.lang.Object)'> (0x00000000e98b6618) 
thrown [s\open\src\hotspot\share\interpreter\linkResolver.cpp, line 759]
Event: 79.920 Thread 0x00000268cef8f900 Exception <a 'java/lang/NoSuchMethodError'{0x00000000e98b9df0}: 'java.lang.Object java.lang.invoke.DirectMethodHandle$Holder.invokeStaticInit(java.lang.Object, java.lang.Object, long, java.lang.Object)'> (0x00000000e98b9df0) 
thrown [s\open\src\hotspot\share\interpreter\linkResolver.cpp, line 759]
Event: 84.291 Thread 0x00000268cef8f900 Exception <a 'java/lang/NoSuchMethodError'{0x00000000e98cd088}: 'void java.lang.invoke.DirectMethodHandle$Holder.invokeSpecial(java.lang.Object, java.lang.Object, int)'> (0x00000000e98cd088) 
thrown [s\open\src\hotspot\share\interpreter\linkResolver.cpp, line 759]
Event: 96.583 Thread 0x00000268cc481120 Exception <a 'java/lang/ClassNotFoundException'{0x00000000e8481968}: org/gradle/api/internal/project/DefaultProject_DecoratedBeanInfo> (0x00000000e8481968) 
thrown [s\open\src\hotspot\share\classfile\systemDictionary.cpp, line 256]
Event: 96.607 Thread 0x00000268cc481120 Exception <a 'java/lang/ClassNotFoundException'{0x00000000e848ea60}: org/gradle/api/internal/project/DefaultProjectBeanInfo> (0x00000000e848ea60) 
thrown [s\open\src\hotspot\share\classfile\systemDictionary.cpp, line 256]
Event: 96.814 Thread 0x00000268cc481120 Exception <a 'java/lang/ClassNotFoundException'{0x00000000e849bbc0}: org/gradle/api/internal/project/DefaultProjectCustomizer> (0x00000000e849bbc0) 
thrown [s\open\src\hotspot\share\classfile\systemDictionary.cpp, line 256]
Event: 96.832 Thread 0x00000268cc481120 Exception <a 'java/lang/ClassNotFoundException'{0x00000000e834fb58}: org/gradle/api/internal/project/DefaultProject_DecoratedCustomizer> (0x00000000e834fb58) 
thrown [s\open\src\hotspot\share\classfile\systemDictionary.cpp, line 256]
Event: 96.856 Thread 0x00000268cc481120 Exception <a 'java/lang/ClassNotFoundException'{0x00000000e83f4d28}: org/gradle/api/internal/plugins/NaggingBasePluginConventionBeanInfo> (0x00000000e83f4d28) 
thrown [s\open\src\hotspot\share\classfile\systemDictionary.cpp, line 256]
Event: 96.858 Thread 0x00000268cc481120 Exception <a 'java/lang/ClassNotFoundException'{0x00000000e8204978}: org/gradle/api/plugins/BasePluginConventionBeanInfo> (0x00000000e8204978) 
thrown [s\open\src\hotspot\share\classfile\systemDictionary.cpp, line 256]
Event: 96.861 Thread 0x00000268cc481120 Exception <a 'java/lang/ClassNotFoundException'{0x00000000e82140b0}: org/gradle/api/plugins/BasePluginConventionCustomizer> (0x00000000e82140b0) 
thrown [s\open\src\hotspot\share\classfile\systemDictionary.cpp, line 256]
Event: 96.863 Thread 0x00000268cc481120 Exception <a 'java/lang/ClassNotFoundException'{0x00000000e822de70}: org/gradle/api/internal/plugins/NaggingBasePluginConventionCustomizer> (0x00000000e822de70) 
thrown [s\open\src\hotspot\share\classfile\systemDictionary.cpp, line 256]
Event: 96.951 Thread 0x00000268cc481120 Exception <a 'java/lang/ClassNotFoundException'{0x00000000e826f4d0}: org/gradle/api/plugins/internal/NaggingJavaPluginConventionBeanInfo> (0x00000000e826f4d0) 
thrown [s\open\src\hotspot\share\classfile\systemDictionary.cpp, line 256]
Event: 96.953 Thread 0x00000268cc481120 Exception <a 'java/lang/ClassNotFoundException'{0x00000000e827ec40}: org/gradle/api/plugins/JavaPluginConventionBeanInfo> (0x00000000e827ec40) 
thrown [s\open\src\hotspot\share\classfile\systemDictionary.cpp, line 256]
Event: 96.954 Thread 0x00000268cc481120 Exception <a 'java/lang/ClassNotFoundException'{0x00000000e828e5c8}: org/gradle/api/plugins/JavaPluginConventionCustomizer> (0x00000000e828e5c8) 
thrown [s\open\src\hotspot\share\classfile\systemDictionary.cpp, line 256]
Event: 96.956 Thread 0x00000268cc481120 Exception <a 'java/lang/ClassNotFoundException'{0x00000000e82b2028}: org/gradle/api/plugins/internal/NaggingJavaPluginConventionCustomizer> (0x00000000e82b2028) 
thrown [s\open\src\hotspot\share\classfile\systemDictionary.cpp, line 256]
Event: 116.613 Thread 0x00000268cc481120 Exception <a 'java/lang/NoSuchMethodError'{0x00000000ee10b338}: 'void java.lang.invoke.DirectMethodHandle$Holder.invokeVirtual(java.lang.Object, java.lang.Object, java.lang.Object, java.lang.Object)'> (0x00000000ee10b338) 
thrown [s\open\src\hotspot\share\interpreter\linkResolver.cpp, line 759]
Event: 156.176 Thread 0x00000268cd1555f0 Exception <a 'java/lang/NoSuchMethodError'{0x00000000eb6ba5e8}: static Lorg/gradle/launcher/daemon/server/api/DaemonStoppedException;.<clinit>()V> (0x00000000eb6ba5e8) 
thrown [s\open\src\hotspot\share\prims\jni.cpp, line 1107]
Event: 156.187 Thread 0x00000268cd1555f0 Exception <a 'java/lang/NoSuchMethodError'{0x00000000eb6cab38}: static [Ljava/lang/StackTraceElement;.<clinit>()V> (0x00000000eb6cab38) 
thrown [s\open\src\hotspot\share\prims\jni.cpp, line 1107]
Event: 156.199 Thread 0x00000268cd1555f0 Exception <a 'java/lang/NoSuchMethodError'{0x00000000eb6f1fc8}: static [B.<clinit>()V> (0x00000000eb6f1fc8) 
thrown [s\open\src\hotspot\share\prims\jni.cpp, line 1107]
Event: 156.294 Thread 0x00000268cd49b750 Exception <a 'java/io/IOException'{0x00000000eb380870}> (0x00000000eb380870) 
thrown [s\open\src\hotspot\share\prims\jni.cpp, line 516]

VM Operations (20 events):
Event: 130.984 Executing VM operation: Cleanup
Event: 131.272 Executing VM operation: Cleanup done
Event: 132.279 Executing VM operation: Cleanup
Event: 132.325 Executing VM operation: Cleanup done
Event: 146.440 Executing VM operation: Cleanup
Event: 146.440 Executing VM operation: Cleanup done
Event: 147.447 Executing VM operation: Cleanup
Event: 147.510 Executing VM operation: Cleanup done
Event: 147.698 Executing VM operation: HandshakeAllThreads
Event: 147.699 Executing VM operation: HandshakeAllThreads done
Event: 148.703 Executing VM operation: Cleanup
Event: 148.814 Executing VM operation: Cleanup done
Event: 149.832 Executing VM operation: Cleanup
Event: 149.832 Executing VM operation: Cleanup done
Event: 151.842 Executing VM operation: Cleanup
Event: 151.842 Executing VM operation: Cleanup done
Event: 156.869 Executing VM operation: Cleanup
Event: 156.885 Executing VM operation: Cleanup done
Event: 157.892 Executing VM operation: Cleanup
Event: 157.909 Executing VM operation: Cleanup done

Events (20 events):
Event: 156.176 loading class java/io/ObjectStreamClass$3 done
Event: 156.177 loading class java/io/ObjectStreamClass$4
Event: 156.177 loading class java/io/ObjectStreamClass$4 done
Event: 156.177 loading class java/io/ObjectStreamClass$5
Event: 156.177 loading class java/io/ObjectStreamClass$5 done
Event: 156.178 loading class java/io/ObjectStreamClass$ClassDataSlot
Event: 156.179 loading class java/io/ObjectStreamClass$ClassDataSlot done
Event: 156.179 loading class java/io/SerialCallbackContext
Event: 156.180 loading class java/io/SerialCallbackContext done
Event: 156.186 loading class java/util/Collections$EmptyListIterator
Event: 156.187 loading class java/util/Collections$EmptyListIterator done
Event: 156.187 loading class java/io/ObjectStreamClass$ExceptionInfo
Event: 156.187 loading class java/io/ObjectStreamClass$ExceptionInfo done
Event: 156.295 loading class java/nio/channels/AsynchronousCloseException
Event: 156.296 loading class java/nio/channels/AsynchronousCloseException done
Event: 156.296 Thread 0x00000268cd49b750 Thread exited: 0x00000268cd49b750
Event: 156.812 loading class java/util/concurrent/CompletableFuture$AsyncRun
Event: 156.814 loading class java/util/concurrent/CompletableFuture$AsyncRun done
Event: 156.814 Thread 0x00000268cf56d1b0 Thread added: 0x00000268cf56d1b0
Event: 156.815 Thread 0x00000268cc47f7d0 Thread exited: 0x00000268cc47f7d0


Dynamic libraries:
0x00007ff7d0b60000 - 0x00007ff7d0b70000 	C:\Program Files\Java\jdk-17\bin\java.exe
0x00007ffd14e70000 - 0x00007ffd15068000 	C:\WINDOWS\SYSTEM32\ntdll.dll
0x00007ffd138b0000 - 0x00007ffd13972000 	C:\WINDOWS\System32\KERNEL32.DLL
0x00007ffd12860000 - 0x00007ffd12b5e000 	C:\WINDOWS\System32\KERNELBASE.dll
0x00007ffd12730000 - 0x00007ffd12830000 	C:\WINDOWS\System32\ucrtbase.dll
0x00007ffd0c820000 - 0x00007ffd0c839000 	C:\Program Files\Java\jdk-17\bin\jli.dll
0x00007ffd14cf0000 - 0x00007ffd14da2000 	C:\WINDOWS\System32\ADVAPI32.dll
0x00007ffd13c80000 - 0x00007ffd13d1e000 	C:\WINDOWS\System32\msvcrt.dll
0x00007ffd12e90000 - 0x00007ffd12f30000 	C:\WINDOWS\System32\sechost.dll
0x00007ffd14bc0000 - 0x00007ffd14ce3000 	C:\WINDOWS\System32\RPCRT4.dll
0x00007ffd12670000 - 0x00007ffd12697000 	C:\WINDOWS\System32\bcrypt.dll
0x00007ffd13980000 - 0x00007ffd13b1d000 	C:\WINDOWS\System32\USER32.dll
0x00007ffd12830000 - 0x00007ffd12852000 	C:\WINDOWS\System32\win32u.dll
0x00007ffd13bf0000 - 0x00007ffd13c1b000 	C:\WINDOWS\System32\GDI32.dll
0x00007ffd12c50000 - 0x00007ffd12d67000 	C:\WINDOWS\System32\gdi32full.dll
0x00007ffd12bb0000 - 0x00007ffd12c4d000 	C:\WINDOWS\System32\msvcp_win.dll
0x00007ffd0ab20000 - 0x00007ffd0ab3b000 	C:\Program Files\Java\jdk-17\bin\VCRUNTIME140.dll
0x00007ffcf8d70000 - 0x00007ffcf900a000 	C:\WINDOWS\WinSxS\amd64_microsoft.windows.common-controls_6595b64144ccf1df_6.0.19041.4355_none_60b8b9eb71f62e16\COMCTL32.dll
0x00007ffd07a10000 - 0x00007ffd07a1a000 	C:\WINDOWS\SYSTEM32\VERSION.dll
0x00007ffd136a0000 - 0x00007ffd136cf000 	C:\WINDOWS\System32\IMM32.DLL
0x00007ffd0ca30000 - 0x00007ffd0ca3c000 	C:\Program Files\Java\jdk-17\bin\vcruntime140_1.dll
0x00007ffcc9a80000 - 0x00007ffcc9b0e000 	C:\Program Files\Java\jdk-17\bin\msvcp140.dll
0x00007ffca03e0000 - 0x00007ffca0fc1000 	C:\Program Files\Java\jdk-17\bin\server\jvm.dll
0x00007ffd13f00000 - 0x00007ffd13f08000 	C:\WINDOWS\System32\PSAPI.DLL
0x00007ffcf1060000 - 0x00007ffcf1069000 	C:\WINDOWS\SYSTEM32\WSOCK32.dll
0x00007ffd144e0000 - 0x00007ffd1454b000 	C:\WINDOWS\System32\WS2_32.dll
0x00007ffcf04f0000 - 0x00007ffcf0517000 	C:\WINDOWS\SYSTEM32\WINMM.dll
0x00007ffd10350000 - 0x00007ffd10362000 	C:\WINDOWS\SYSTEM32\kernel.appcore.dll
0x00007ffd0ca20000 - 0x00007ffd0ca2a000 	C:\Program Files\Java\jdk-17\bin\jimage.dll
0x00007ffcecd30000 - 0x00007ffcecf14000 	C:\WINDOWS\SYSTEM32\DBGHELP.DLL
0x00007ffceccf0000 - 0x00007ffcecd24000 	C:\WINDOWS\SYSTEM32\dbgcore.DLL
0x00007ffd126a0000 - 0x00007ffd12722000 	C:\WINDOWS\System32\bcryptPrimitives.dll
0x00007ffd0c3d0000 - 0x00007ffd0c3de000 	C:\Program Files\Java\jdk-17\bin\instrument.dll
0x00007ffce8950000 - 0x00007ffce8975000 	C:\Program Files\Java\jdk-17\bin\java.dll
0x00007ffcc98c0000 - 0x00007ffcc9997000 	C:\Program Files\Java\jdk-17\bin\jsvml.dll
0x00007ffd12f30000 - 0x00007ffd1369f000 	C:\WINDOWS\System32\SHELL32.dll
0x00007ffd10550000 - 0x00007ffd10cf4000 	C:\WINDOWS\SYSTEM32\windows.storage.dll
0x00007ffd13f10000 - 0x00007ffd14263000 	C:\WINDOWS\System32\combase.dll
0x00007ffd11e60000 - 0x00007ffd11e8e000 	C:\WINDOWS\SYSTEM32\Wldp.dll
0x00007ffd13b20000 - 0x00007ffd13bed000 	C:\WINDOWS\System32\OLEAUT32.dll
0x00007ffd13d20000 - 0x00007ffd13dcd000 	C:\WINDOWS\System32\SHCORE.dll
0x00007ffd13730000 - 0x00007ffd13785000 	C:\WINDOWS\System32\shlwapi.dll
0x00007ffd12440000 - 0x00007ffd12464000 	C:\WINDOWS\SYSTEM32\profapi.dll
0x00007ffd07780000 - 0x00007ffd07798000 	C:\Program Files\Java\jdk-17\bin\zip.dll
0x00007ffd076d0000 - 0x00007ffd076e9000 	C:\Program Files\Java\jdk-17\bin\net.dll
0x00007ffd08fa0000 - 0x00007ffd090ad000 	C:\WINDOWS\SYSTEM32\WINHTTP.dll
0x00007ffd11c40000 - 0x00007ffd11caa000 	C:\WINDOWS\system32\mswsock.dll
0x00007ffd06f90000 - 0x00007ffd06fa6000 	C:\Program Files\Java\jdk-17\bin\nio.dll
0x00007ffd0c350000 - 0x00007ffd0c360000 	C:\Program Files\Java\jdk-17\bin\verify.dll
0x00007ffce47f0000 - 0x00007ffce4817000 	C:\Users\ngolo\.gradle\native\c067742578af261105cb4f569cf0c3c89f3d7b1fecec35dd04571415982c5e48\windows-amd64\native-platform.dll
0x00007ffc9f500000 - 0x00007ffc9f644000 	C:\Users\ngolo\.gradle\native\100fb08df4bc3b14c8652ba06237920a3bd2aa13389f12d3474272988ae205f9\windows-amd64\native-platform-file-events.dll
0x00007ffd0bdc0000 - 0x00007ffd0bdca000 	C:\Program Files\Java\jdk-17\bin\management.dll
0x00007ffd0bb70000 - 0x00007ffd0bb7b000 	C:\Program Files\Java\jdk-17\bin\management_ext.dll
0x00007ffd11ea0000 - 0x00007ffd11eb8000 	C:\WINDOWS\SYSTEM32\CRYPTSP.dll
0x00007ffd11510000 - 0x00007ffd11544000 	C:\WINDOWS\system32\rsaenh.dll
0x00007ffd123c0000 - 0x00007ffd123ee000 	C:\WINDOWS\SYSTEM32\USERENV.dll
0x00007ffd11dd0000 - 0x00007ffd11ddc000 	C:\WINDOWS\SYSTEM32\CRYPTBASE.dll
0x00007ffd118f0000 - 0x00007ffd1192b000 	C:\WINDOWS\SYSTEM32\IPHLPAPI.DLL
0x00007ffd145b0000 - 0x00007ffd145b8000 	C:\WINDOWS\System32\NSI.dll
0x00007ffd0a3d0000 - 0x00007ffd0a3e7000 	C:\WINDOWS\SYSTEM32\dhcpcsvc6.DLL
0x00007ffd0a3b0000 - 0x00007ffd0a3cd000 	C:\WINDOWS\SYSTEM32\dhcpcsvc.DLL
0x00007ffd11930000 - 0x00007ffd119fa000 	C:\WINDOWS\SYSTEM32\DNSAPI.dll
0x00007ffd0b310000 - 0x00007ffd0b31e000 	C:\Program Files\Java\jdk-17\bin\sunmscapi.dll
0x00007ffd12510000 - 0x00007ffd1266c000 	C:\WINDOWS\System32\CRYPT32.dll
0x00007ffd11fb0000 - 0x00007ffd11fd7000 	C:\WINDOWS\SYSTEM32\ncrypt.dll
0x00007ffd11f70000 - 0x00007ffd11fab000 	C:\WINDOWS\SYSTEM32\NTASN1.dll
0x00007ffd06310000 - 0x00007ffd06317000 	C:\WINDOWS\system32\wshunix.dll

dbghelp: loaded successfully - version: 4.0.5 - missing functions: none
symbol engine: initialized successfully - sym options: 0x614 - pdb path: .;C:\Program Files\Java\jdk-17\bin;C:\WINDOWS\SYSTEM32;C:\WINDOWS\WinSxS\amd64_microsoft.windows.common-controls_6595b64144ccf1df_6.0.19041.4355_none_60b8b9eb71f62e16;C:\Program Files\Java\jdk-17\bin\server;C:\Users\ngolo\.gradle\native\c067742578af261105cb4f569cf0c3c89f3d7b1fecec35dd04571415982c5e48\windows-amd64;C:\Users\ngolo\.gradle\native\100fb08df4bc3b14c8652ba06237920a3bd2aa13389f12d3474272988ae205f9\windows-amd64

VM Arguments:
jvm_args: --add-opens=java.base/java.util=ALL-UNNAMED --add-opens=java.base/java.lang=ALL-UNNAMED --add-opens=java.base/java.lang.invoke=ALL-UNNAMED --add-opens=java.prefs/java.util.prefs=ALL-UNNAMED --add-exports=jdk.compiler/com.sun.tools.javac.api=ALL-UNNAMED --add-exports=jdk.compiler/com.sun.tools.javac.util=ALL-UNNAMED --add-opens=java.base/java.nio.charset=ALL-UNNAMED --add-opens=java.base/java.net=ALL-UNNAMED --add-opens=java.base/java.util.concurrent.atomic=ALL-UNNAMED -XX:MaxMetaspaceSize=384m -XX:+HeapDumpOnOutOfMemoryError -Xms256m -Xmx512m -Dfile.encoding=UTF-8 -Duser.country=US -Duser.language=en -Duser.variant -javaagent:C:\Users\ngolo\.gradle\wrapper\dists\gradle-8.10.2-bin\a04bxjujx95o3nb99gddekhwo\gradle-8.10.2\lib\agents\gradle-instrumentation-agent-8.10.2.jar 
java_command: org.gradle.launcher.daemon.bootstrap.GradleDaemon 8.10.2
java_class_path (initial): C:\Users\ngolo\.gradle\wrapper\dists\gradle-8.10.2-bin\a04bxjujx95o3nb99gddekhwo\gradle-8.10.2\lib\gradle-daemon-main-8.10.2.jar
Launcher Type: SUN_STANDARD

[Global flags]
     intx CICompilerCount                          = 3                                         {product} {ergonomic}
   size_t CompressedClassSpaceSize                 = 335544320                                 {product} {ergonomic}
     uint ConcGCThreads                            = 1                                         {product} {ergonomic}
     uint G1ConcRefinementThreads                  = 4                                         {product} {ergonomic}
   size_t G1HeapRegionSize                         = 1048576                                   {product} {ergonomic}
    uintx GCDrainStackTargetSize                   = 64                                        {product} {ergonomic}
     bool HeapDumpOnOutOfMemoryError               = true                                   {manageable} {command line}
   size_t InitialHeapSize                          = 268435456                                 {product} {command line}
   size_t MarkStackSize                            = 4194304                                   {product} {ergonomic}
   size_t MaxHeapSize                              = 536870912                                 {product} {command line}
   size_t MaxMetaspaceSize                         = 402653184                                 {product} {command line}
   size_t MaxNewSize                               = 321912832                                 {product} {ergonomic}
   size_t MinHeapDeltaBytes                        = 1048576                                   {product} {ergonomic}
   size_t MinHeapSize                              = 268435456                                 {product} {command line}
    uintx NonNMethodCodeHeapSize                   = 5832780                                {pd product} {ergonomic}
    uintx NonProfiledCodeHeapSize                  = 122912730                              {pd product} {ergonomic}
    uintx ProfiledCodeHeapSize                     = 122912730                              {pd product} {ergonomic}
    uintx ReservedCodeCacheSize                    = 251658240                              {pd product} {ergonomic}
     bool SegmentedCodeCache                       = true                                      {product} {ergonomic}
   size_t SoftMaxHeapSize                          = 536870912                              {manageable} {ergonomic}
     bool UseCompressedClassPointers               = true                           {product lp64_product} {ergonomic}
     bool UseCompressedOops                        = true                           {product lp64_product} {ergonomic}
     bool UseG1GC                                  = true                                      {product} {ergonomic}
     bool UseLargePagesIndividualAllocation        = false                                  {pd product} {ergonomic}

Logging:
Log output configuration:
 #0: stdout all=warning uptime,level,tags
 #1: stderr all=off uptime,level,tags

Environment Variables:
JAVA_HOME=C:\Program Files\Java\jdk-17
PATH=C:\Program Files\Common Files\Oracle\Java\javapath;C:\Program Files (x86)\Common Files\Oracle\Java\javapath;C:\Program Files\Java\jdk-22.0.1\bin;C:\Program Files\Microsoft MPI\Bin\;C:\WINDOWS\system32;C:\WINDOWS;C:\WINDOWS\System32\Wbem;C:\WINDOWS\System32\WindowsPowerShell\v1.0\;C:\WINDOWS\System32\OpenSSH\;C:\Program Files\Git\cmd;C:\ProgramData\chocolatey\bin;C:\Program Files (x86)\Microsoft SQL Server\160\Tools\Binn\;C:\Program Files\Microsoft SQL Server\160\Tools\Binn\;C:\Program Files\Microsoft SQL Server\Client SDK\ODBC\170\Tools\Binn\;C:\Program Files\Microsoft SQL Server\160\DTS\Binn\;C:\Program Files (x86)\Microsoft SQL Server\160\DTS\Binn\;C:\Program Files\MySQL\MySQL Server 8.0\bin;C:\Users\ngolo\AppData\Local\Microsoft\WindowsApps;C:\Users\ngolo\AppData\Local\Programs\Microsoft VS Code\bin;C:\Program Files\JetBrains\IntelliJ IDEA 2024.1.1\bin;C:\Users\ngolo\AppData\Roaming\npm;C:\apache-maven-3.6.0\bin;C:\Program Files\Docker\Docker\resources\bin;C:\Users\ngolo\AppData\Roaming\nvm;C:\Program Files\nodejs;C:\Users\ngolo\AppData\Local\Microsoft\WindowsApps;C:\Users\ngolo\AppData\Local\Programs\Microsoft VS Code\bin;C:\Program Files\JetBrains\IntelliJ IDEA 2024.1.1\bin;;C:\Program Files\Java\jdk-17\bin;C:\Users\ngolo\AppData\Roaming\nvm;C:\Program Files\nodejs;C:\Program Files (x86)\Inno Setup 5;
USERNAME=ngolo
OS=Windows_NT
PROCESSOR_IDENTIFIER=Intel64 Family 6 Model 78 Stepping 3, GenuineIntel



---------------  S Y S T E M  ---------------

OS:
 Windows 10 , 64 bit Build 19041 (10.0.19041.4957)
OS uptime: 1 days 0:00 hours
Hyper-V role detected

CPU: total 4 (initial active 4) (2 cores per cpu, 2 threads per core) family 6 model 78 stepping 3 microcode 0xd6, cx8, cmov, fxsr, ht, mmx, 3dnowpref, sse, sse2, sse3, ssse3, sse4.1, sse4.2, popcnt, lzcnt, tsc, tscinvbit, avx, avx2, aes, erms, clmul, bmi1, bmi2, rtm, adx, fma, vzeroupper, clflush, clflushopt, hv

Memory: 4k page, system-wide physical 8067M (135M free)
TotalPageFile size 20680M (AvailPageFile size 2M)
current process WorkingSet (physical memory assigned to process): 225M, peak: 389M
current process commit charge ("private bytes"): 478M, peak: 485M

vm_info: Java HotSpot(TM) 64-Bit Server VM (17.0.9+11-LTS-201) for windows-amd64 JRE (17.0.9+11-LTS-201), built on Oct 10 2023 23:16:06 by "mach5one" with MS VC++ 17.1 (VS2022)

END.
